
> loar-fullstack@ dev:server /home/god/Desktop/LOAR/loar
> turbo -F server dev

• turbo 2.8.20

   • Packages in scope: server
   • Running dev in 1 packages
   • Remote caching disabled

server:dev: cache bypass, force executing a0e13d7703f60281
server:dev: 
server:dev: > server@0.1.0 dev /home/god/Desktop/LOAR/loar/apps/server
server:dev: > tsx watch src/index.ts
server:dev: 
server:dev: [dotenv@17.3.1] injecting env (58) from ../../.env -- tip: ⚙️  specify custom .env file path with { path: '/custom/path/.env' }
server:dev: [sentry] SENTRY_DSN not set — error reporting disabled
server:dev: Firebase Admin SDK initialized successfully
server:dev: Starting server on port 3000
server:dev: CORS origin: http://localhost:3001
server:dev: Environment: development
server:dev: Server listening on http://localhost:3000
server:dev: [pricing] Heartbeat complete: 45 models checked, 0 price changes detected
server:dev: [pricing] Heartbeat started — checking every 12 hours
server:dev: <-- GET /auth/nonce
server:dev: --> GET /auth/nonce [32m200[0m 194ms
server:dev: <-- GET /auth/nonce
server:dev: --> GET /auth/nonce [32m200[0m 135ms
server:dev: <-- GET /auth/nonce
server:dev: --> GET /auth/nonce [32m200[0m 159ms
server:dev: <-- POST /auth/verify
server:dev: --> POST /auth/verify [33m403[0m 0ms
server:dev: <-- GET /auth/nonce
server:dev: --> GET /auth/nonce [32m200[0m 150ms
server:dev: <-- POST /auth/verify
server:dev: --> POST /auth/verify [33m403[0m 0ms
server:dev: <-- GET /auth/nonce
server:dev: --> GET /auth/nonce [32m200[0m 170ms
server:dev: <-- GET /auth/nonce
server:dev: --> GET /auth/nonce [32m200[0m 142ms
server:dev: <-- POST /auth/verify
server:dev: --> POST /auth/verify [33m403[0m 1ms
server:dev: <-- POST /auth/verify
server:dev: --> POST /auth/verify [33m403[0m 1ms
server:dev: <-- GET /auth/nonce
server:dev: --> GET /auth/nonce [32m200[0m 130ms
server:dev: <-- POST /auth/verify
server:dev: --> POST /auth/verify [32m200[0m 346ms
server:dev: <-- GET /trpc/entities.list?batch=1&input=%7B%220%22%3A%7B%22universeAddress%22%3A%220x228295466c531c1d55b9dfdd5cf15ad0b88782fa%22%7D%7D
server:dev: --> GET /trpc/entities.list?batch=1&input=%7B%220%22%3A%7B%22universeAddress%22%3A%220x228295466c531c1d55b9dfdd5cf15ad0b88782fa%22%7D%7D [31m500[0m 439ms
server:dev: <-- GET /auth/nonce
server:dev: --> GET /auth/nonce [32m200[0m 143ms
server:dev: <-- POST /auth/verify
server:dev: --> POST /auth/verify [33m401[0m 1ms
server:dev: <-- GET /trpc/entities.list?batch=1&input=%7B%220%22%3A%7B%22universeAddress%22%3A%220x228295466c531c1d55b9dfdd5cf15ad0b88782fa%22%7D%7D
server:dev: --> GET /trpc/entities.list?batch=1&input=%7B%220%22%3A%7B%22universeAddress%22%3A%220x228295466c531c1d55b9dfdd5cf15ad0b88782fa%22%7D%7D [31m500[0m 120ms
server:dev: <-- GET /auth/nonce
server:dev: --> GET /auth/nonce [32m200[0m 233ms
server:dev: <-- POST /auth/verify
server:dev: --> POST /auth/verify [32m200[0m 344ms
server:dev: <-- GET /trpc/entities.list?batch=1&input=%7B%220%22%3A%7B%22universeAddress%22%3A%220x228295466c531c1d55b9dfdd5cf15ad0b88782fa%22%7D%7D
server:dev: --> GET /trpc/entities.list?batch=1&input=%7B%220%22%3A%7B%22universeAddress%22%3A%220x228295466c531c1d55b9dfdd5cf15ad0b88782fa%22%7D%7D [31m500[0m 301ms
server:dev: <-- GET /trpc/entities.get?batch=1&input=%7B%220%22%3A%7B%22entityId%22%3A%22TbZvgFLV00ZsDIX8qkmK%22%7D%7D
server:dev: --> GET /trpc/entities.get?batch=1&input=%7B%220%22%3A%7B%22entityId%22%3A%22TbZvgFLV00ZsDIX8qkmK%22%7D%7D [32m200[0m 132ms
server:dev: <-- GET /trpc/entities.list?batch=1&input=%7B%220%22%3A%7B%22universeAddress%22%3A%220X228295466C531C1D55B9DFDD5CF15AD0B88782FA%22%7D%7D
server:dev: --> GET /trpc/entities.list?batch=1&input=%7B%220%22%3A%7B%22universeAddress%22%3A%220X228295466C531C1D55B9DFDD5CF15AD0B88782FA%22%7D%7D [33m400[0m 8ms
server:dev: <-- GET /trpc/entities.listByCreator?batch=1&input=%7B%220%22%3A%7B%22creator%22%3A%220x116c28e6dcabca363f83217c712d79dce168d90e%22%7D%7D
server:dev: --> GET /trpc/entities.listByCreator?batch=1&input=%7B%220%22%3A%7B%22creator%22%3A%220x116c28e6dcabca363f83217c712d79dce168d90e%22%7D%7D [31m500[0m 110ms
server:dev: <-- GET /trpc/entities.get?batch=1&input=%7B%220%22%3A%7B%22entityId%22%3A%22TbZvgFLV00ZsDIX8qkmK%22%7D%7D
server:dev: --> GET /trpc/entities.get?batch=1&input=%7B%220%22%3A%7B%22entityId%22%3A%22TbZvgFLV00ZsDIX8qkmK%22%7D%7D [32m200[0m 133ms
server:dev: <-- GET /trpc/entities.list?batch=1&input=%7B%220%22%3A%7B%22universeAddress%22%3A%220x228295466c531c1d55b9dfdd5cf15ad0b88782fa%22%7D%7D
server:dev: --> GET /trpc/entities.list?batch=1&input=%7B%220%22%3A%7B%22universeAddress%22%3A%220x228295466c531c1d55b9dfdd5cf15ad0b88782fa%22%7D%7D [31m500[0m 165ms
server:dev: <-- GET /health
server:dev: --> GET /health [32m200[0m 1ms
server:dev: <-- GET /trpc/universe.list?batch=1&input=%7B%220%22%3A%7B%22json%22%3Anull%2C%22meta%22%3A%7B%22values%22%3A%5B%22undefined%22%5D%7D%7D%7D
server:dev: --> GET /trpc/universe.list?batch=1&input=%7B%220%22%3A%7B%22json%22%3Anull%2C%22meta%22%3A%7B%22values%22%3A%5B%22undefined%22%5D%7D%7D%7D [33m404[0m 0ms
server:dev: 11:28:51 PM [tsx] change in ./src/routers/storage/storage.routes.ts Restarting...
server:dev: 
server:dev: [server] Received SIGTERM — shutting down gracefully...
server:dev: c[dotenv@17.3.1] injecting env (58) from ../../.env -- tip: ⚙️  enable debug logging with { debug: true }
server:dev: [sentry] SENTRY_DSN not set — error reporting disabled
server:dev: Firebase Admin SDK initialized successfully
server:dev: Starting server on port 3000
server:dev: CORS origin: http://localhost:3001
server:dev: Environment: development
server:dev: Server listening on http://localhost:3000
server:dev: [pricing] Heartbeat complete: 45 models checked, 0 price changes detected
server:dev: [pricing] Heartbeat started — checking every 12 hours
server:dev: <-- GET /auth/nonce
server:dev: --> GET /auth/nonce [32m200[0m 221ms
server:dev: <-- POST /auth/verify
server:dev: --> POST /auth/verify [33m403[0m 0ms
server:dev: <-- GET /auth/nonce
server:dev: --> GET /auth/nonce [32m200[0m 225ms
server:dev: <-- POST /auth/verify
server:dev: --> POST /auth/verify [33m403[0m 1ms
server:dev: <-- GET /auth/nonce
server:dev: --> GET /auth/nonce [32m200[0m 139ms
server:dev: <-- POST /auth/verify
server:dev: --> POST /auth/verify [33m403[0m 1ms
server:dev: <-- GET /auth/nonce
server:dev: --> GET /auth/nonce [32m200[0m 132ms
server:dev: <-- POST /auth/verify
server:dev: --> POST /auth/verify [32m200[0m 335ms
server:dev: <-- POST /trpc/image.generate?batch=1
server:dev: [ByteDance] Generating image: model=seedream-5-0-260128
server:dev: [ByteDance] Image generated: 1 images
server:dev: [StorageManager] Initialized with providers (priority order): pinata, lighthouse, firebase
server:dev: [StorageManager] Currently available: pinata, lighthouse, firebase
server:dev: [persist] Uploading generation-6eaade04-6d1a-4d88-9070-bf78e55d985e-0.png to permanent storage...
server:dev: --> POST /trpc/image.generate?batch=1 [32m200[0m 32s
server:dev: <-- POST /trpc/entities.create?batch=1
server:dev: --> POST /trpc/entities.create?batch=1 [32m200[0m 262ms
server:dev: <-- POST /trpc/threed.textTo3DPreview?batch=1
server:dev: [provenance] c2pa-node loaded successfully
server:dev: [provenance] C2PA_PRIVATE_KEY and/or C2PA_CERTIFICATE not set — signing disabled
server:dev: [StorageManager] Uploading to pinata…
server:dev: --> POST /trpc/threed.textTo3DPreview?batch=1 [32m200[0m 2s
server:dev: <-- POST /trpc/image.generate?batch=1
server:dev: [ByteDance] Generating image: model=seedream-5-0-260128
server:dev: [StorageManager] Retrying firebase background upload in 5000ms (attempt 1/2)
server:dev: [StorageManager] firebase background attempt 1 failed: {
server:dev:   "error": {
server:dev:     "code": 404,
server:dev:     "message": "The specified bucket does not exist.",
server:dev:     "errors": [
server:dev:       {
server:dev:         "message": "The specified bucket does not exist.",
server:dev:         "domain": "global",
server:dev:         "reason": "notFound"
server:dev:       }
server:dev:     ]
server:dev:   }
server:dev: }
server:dev: 
server:dev: [persist] generation-6eaade04-6d1a-4d88-9070-bf78e55d985e-0.png saved permanently: https://peach-impressive-moth-978.mypinata.cloud/ipfs/QmRp8pJH78RzHfRMF6QV5ie6Toi3Wr4TmLU3KSkt4d2wQg
server:dev: [StorageManager] firebase background attempt 2 failed: {
server:dev: [StorageManager] Retrying firebase background upload in 15000ms (attempt 2/2)
server:dev:   "error": {
server:dev:     "code": 404,
server:dev:     "message": "The specified bucket does not exist.",
server:dev:     "errors": [
server:dev:       {
server:dev:         "message": "The specified bucket does not exist.",
server:dev:         "domain": "global",
server:dev:         "reason": "notFound"
server:dev:       }
server:dev:     ]
server:dev:   }
server:dev: }
server:dev: 
server:dev: [StorageManager] lighthouse background attempt 1 failed: fetch failed
server:dev: [StorageManager] Retrying lighthouse background upload in 5000ms (attempt 1/2)
server:dev: [StorageManager] firebase background attempt 3 failed: {
server:dev:   "error": {
server:dev:     "code": 404,
server:dev:     "message": "The specified bucket does not exist.",
server:dev:     "errors": [
server:dev:       {
server:dev:         "message": "The specified bucket does not exist.",
server:dev:         "domain": "global",
server:dev:         "reason": "notFound"
server:dev:       }
server:dev:     ]
server:dev:   }
server:dev: }
server:dev: 
server:dev: [StorageManager] Background upload to firebase permanently failed: {
server:dev:   "error": {
server:dev:     "code": 404,
server:dev:     "message": "The specified bucket does not exist.",
server:dev:     "errors": [
server:dev:       {
server:dev:         "message": "The specified bucket does not exist.",
server:dev:         "domain": "global",
server:dev:         "reason": "notFound"
server:dev:       }
server:dev:     ]
server:dev:   }
server:dev: }
server:dev: 
server:dev: [StorageManager] Retrying lighthouse background upload in 15000ms (attempt 2/2)
server:dev: [StorageManager] lighthouse background attempt 2 failed: fetch failed
server:dev: [ByteDance] Image generated: 1 images
server:dev: [persist] Uploading generation-77e5936a-2a2d-40a5-ae29-4245098d5ec2-0.png to permanent storage...
server:dev: --> POST /trpc/image.generate?batch=1 [32m200[0m 36s
server:dev: <-- POST /trpc/entities.create?batch=1
server:dev: --> POST /trpc/entities.create?batch=1 [32m200[0m 190ms
server:dev: <-- POST /trpc/threed.textTo3DPreview?batch=1
server:dev: --> POST /trpc/threed.textTo3DPreview?batch=1 [32m200[0m 2s
server:dev: <-- POST /trpc/image.generate?batch=1
server:dev: [ByteDance] Generating image: model=seedream-5-0-260128
server:dev: [StorageManager] Uploading to pinata…
server:dev: [StorageManager] Retrying firebase background upload in 5000ms (attempt 1/2)
server:dev: [StorageManager] firebase background attempt 1 failed: {
server:dev:   "error": {
server:dev:     "code": 404,
server:dev:     "message": "The specified bucket does not exist.",
server:dev:     "errors": [
server:dev:       {
server:dev:         "message": "The specified bucket does not exist.",
server:dev:         "domain": "global",
server:dev:         "reason": "notFound"
server:dev:       }
server:dev:     ]
server:dev:   }
server:dev: }
server:dev: 
server:dev: [persist] generation-77e5936a-2a2d-40a5-ae29-4245098d5ec2-0.png saved permanently: https://peach-impressive-moth-978.mypinata.cloud/ipfs/QmSk8WVNe1HXGMbTHjz1DYvsodrgUArzkZvL5mJKfteJNF
server:dev: [StorageManager] firebase background attempt 2 failed: {
server:dev:   "error": {
server:dev:     "code": 404,
server:dev:     "message": "The specified bucket does not exist.",
server:dev:     "errors": [
server:dev:       {
server:dev:         "message": "The specified bucket does not exist.",
server:dev:         "domain": "global",
server:dev:         "reason": "notFound"
server:dev:       }
server:dev:     ]
server:dev:   }
server:dev: }
server:dev: 
server:dev: [StorageManager] Retrying firebase background upload in 15000ms (attempt 2/2)
server:dev: [StorageManager] lighthouse background attempt 3 failed: fetch failed
server:dev: [StorageManager] Background upload to lighthouse permanently failed: fetch failed
server:dev: [StorageManager] Retrying lighthouse background upload in 5000ms (attempt 1/2)
server:dev: [StorageManager] lighthouse background attempt 1 failed: fetch failed
server:dev: [StorageManager] firebase background attempt 3 failed: {
server:dev:   "error": {
server:dev:     "code": 404,
server:dev:     "message": "The specified bucket does not exist.",
server:dev:     "errors": [
server:dev:       {
server:dev:         "message": "The specified bucket does not exist.",
server:dev:         "domain": "global",
server:dev:         "reason": "notFound"
server:dev:       }
server:dev:     ]
server:dev:   }
server:dev: }
server:dev: 
server:dev: [StorageManager] Background upload to firebase permanently failed: {
server:dev:   "error": {
server:dev:     "code": 404,
server:dev:     "message": "The specified bucket does not exist.",
server:dev:     "errors": [
server:dev:       {
server:dev:         "message": "The specified bucket does not exist.",
server:dev:         "domain": "global",
server:dev:         "reason": "notFound"
server:dev:       }
server:dev:     ]
server:dev:   }
server:dev: }
server:dev: 
server:dev: [StorageManager] lighthouse background attempt 2 failed: fetch failed
server:dev: [StorageManager] Retrying lighthouse background upload in 15000ms (attempt 2/2)
server:dev: [ByteDance] Image generated: 1 images
server:dev: [persist] Uploading generation-ff1326f5-bbb5-437a-b74e-b202fb83879c-0.png to permanent storage...
server:dev: --> POST /trpc/image.generate?batch=1 [32m200[0m 40s
server:dev: <-- POST /trpc/entities.create?batch=1
server:dev: --> POST /trpc/entities.create?batch=1 [32m200[0m 247ms
server:dev: <-- POST /trpc/threed.textTo3DPreview?batch=1
server:dev: --> POST /trpc/threed.textTo3DPreview?batch=1 [32m200[0m 2s
server:dev: [StorageManager] Uploading to pinata…
server:dev: <-- POST /trpc/image.generate?batch=1
server:dev: [ByteDance] Generating image: model=seedream-5-0-260128
server:dev: [StorageManager] firebase background attempt 1 failed: {
server:dev: [StorageManager] Retrying firebase background upload in 5000ms (attempt 1/2)
server:dev:   "error": {
server:dev:     "code": 404,
server:dev:     "message": "The specified bucket does not exist.",
server:dev:     "errors": [
server:dev:       {
server:dev:         "message": "The specified bucket does not exist.",
server:dev:         "domain": "global",
server:dev:         "reason": "notFound"
server:dev:       }
server:dev:     ]
server:dev:   }
server:dev: }
server:dev: 
server:dev: [persist] generation-ff1326f5-bbb5-437a-b74e-b202fb83879c-0.png saved permanently: https://peach-impressive-moth-978.mypinata.cloud/ipfs/QmTaq5s8uWtp7EhRhguhk7BQHU4Bco9AsTsY7c5xR5cpdi
server:dev: [StorageManager] firebase background attempt 2 failed: {
server:dev:   "error": {
server:dev:     "code": 404,
server:dev:     "message": "The specified bucket does not exist.",
server:dev:     "errors": [
server:dev:       {
server:dev:         "message": "The specified bucket does not exist.",
server:dev:         "domain": "global",
server:dev:         "reason": "notFound"
server:dev:       }
server:dev:     ]
server:dev:   }
server:dev: }
server:dev: 
server:dev: [StorageManager] Retrying firebase background upload in 15000ms (attempt 2/2)
server:dev: [StorageManager] lighthouse background attempt 3 failed: fetch failed
server:dev: [StorageManager] Background upload to lighthouse permanently failed: fetch failed
server:dev: [StorageManager] firebase background attempt 3 failed: {
server:dev:   "error": {
server:dev:     "code": 404,
server:dev:     "message": "The specified bucket does not exist.",
server:dev:     "errors": [
server:dev:       {
server:dev:         "message": "The specified bucket does not exist.",
server:dev:         "domain": "global",
server:dev:         "reason": "notFound"
server:dev:       }
server:dev:     ]
server:dev:   }
server:dev: }
server:dev: 
server:dev: [StorageManager] Background upload to firebase permanently failed: {
server:dev:   "error": {
server:dev:     "code": 404,
server:dev:     "message": "The specified bucket does not exist.",
server:dev:     "errors": [
server:dev:       {
server:dev:         "message": "The specified bucket does not exist.",
server:dev:         "domain": "global",
server:dev:         "reason": "notFound"
server:dev:       }
server:dev:     ]
server:dev:   }
server:dev: }
server:dev: 
server:dev: [ByteDance] Image generated: 1 images
server:dev: [persist] Uploading generation-a040cf09-0ba5-4110-afc0-a889d6b92d1a-0.png to permanent storage...
server:dev: --> POST /trpc/image.generate?batch=1 [32m200[0m 39s
server:dev: <-- POST /trpc/entities.create?batch=1
server:dev: --> POST /trpc/entities.create?batch=1 [32m200[0m 198ms
server:dev: <-- POST /trpc/threed.textTo3DPreview?batch=1
server:dev: --> POST /trpc/threed.textTo3DPreview?batch=1 [32m200[0m 2s
server:dev: [StorageManager] Uploading to pinata…
server:dev: <-- POST /trpc/image.generate?batch=1
server:dev: [ByteDance] Generating image: model=seedream-5-0-260128
server:dev: [StorageManager] firebase background attempt 1 failed: {
server:dev:   "error": {
server:dev:     "code": 404,
server:dev:     "message": "The specified bucket does not exist.",
server:dev:     "errors": [
server:dev:       {
server:dev:         "message": "The specified bucket does not exist.",
server:dev:         "domain": "global",
server:dev:         "reason": "notFound"
server:dev:       }
server:dev:     ]
server:dev:   }
server:dev: }
server:dev: 
server:dev: [StorageManager] Retrying firebase background upload in 5000ms (attempt 1/2)
server:dev: [persist] generation-a040cf09-0ba5-4110-afc0-a889d6b92d1a-0.png saved permanently: https://peach-impressive-moth-978.mypinata.cloud/ipfs/QmWwKAzSnZpjjCCoDyAZs199VpvQSVfzcGn7xAXfMdPmbb
server:dev: [StorageManager] firebase background attempt 2 failed: {
server:dev:   "error": {
server:dev:     "code": 404,
server:dev:     "message": "The specified bucket does not exist.",
server:dev:     "errors": [
server:dev:       {
server:dev:         "message": "The specified bucket does not exist.",
server:dev:         "domain": "global",
server:dev:         "reason": "notFound"
server:dev:       }
server:dev:     ]
server:dev:   }
server:dev: }
server:dev: 
server:dev: [StorageManager] Retrying firebase background upload in 15000ms (attempt 2/2)
server:dev: [StorageManager] firebase background attempt 3 failed: {
server:dev:   "error": {
server:dev:     "code": 404,
server:dev:     "message": "The specified bucket does not exist.",
server:dev:     "errors": [
server:dev:       {
server:dev:         "message": "The specified bucket does not exist.",
server:dev:         "domain": "global",
server:dev:         "reason": "notFound"
server:dev:       }
server:dev:     ]
server:dev:   }
server:dev: }
server:dev: 
server:dev: [StorageManager] Background upload to firebase permanently failed: {
server:dev:   "error": {
server:dev:     "code": 404,
server:dev:     "message": "The specified bucket does not exist.",
server:dev:     "errors": [
server:dev:       {
server:dev:         "message": "The specified bucket does not exist.",
server:dev:         "domain": "global",
server:dev:         "reason": "notFound"
server:dev:       }
server:dev:     ]
server:dev:   }
server:dev: }
server:dev: 
server:dev: [ByteDance] Image generated: 1 images
server:dev: [persist] Uploading generation-38a50569-4289-4fbb-8dfd-ebe59c0fa9fa-0.png to permanent storage...
server:dev: --> POST /trpc/image.generate?batch=1 [32m200[0m 36s
server:dev: <-- POST /trpc/entities.create?batch=1
server:dev: --> POST /trpc/entities.create?batch=1 [32m200[0m 212ms
server:dev: <-- POST /trpc/threed.textTo3DPreview?batch=1
server:dev: [StorageManager] Uploading to pinata…
server:dev: --> POST /trpc/threed.textTo3DPreview?batch=1 [32m200[0m 2s
server:dev: <-- POST /trpc/image.generate?batch=1
server:dev: [ByteDance] Generating image: model=seedream-5-0-260128
server:dev: [StorageManager] firebase background attempt 1 failed: {
server:dev:   "error": {
server:dev:     "code": 404,
server:dev:     "message": "The specified bucket does not exist.",
server:dev:     "errors": [
server:dev:       {
server:dev:         "message": "The specified bucket does not exist.",
server:dev:         "domain": "global",
server:dev:         "reason": "notFound"
server:dev:       }
server:dev:     ]
server:dev:   }
server:dev: }
server:dev: 
server:dev: [StorageManager] Retrying firebase background upload in 5000ms (attempt 1/2)
server:dev: [persist] generation-38a50569-4289-4fbb-8dfd-ebe59c0fa9fa-0.png saved permanently: https://peach-impressive-moth-978.mypinata.cloud/ipfs/QmQ5Ezp13Ff1SzRYxjeXnkBHSUvQUnecA6cJSpEHwoVFAS
server:dev: [StorageManager] Retrying firebase background upload in 15000ms (attempt 2/2)
server:dev: [StorageManager] firebase background attempt 2 failed: {
server:dev:   "error": {
server:dev:     "code": 404,
server:dev:     "message": "The specified bucket does not exist.",
server:dev:     "errors": [
server:dev:       {
server:dev:         "message": "The specified bucket does not exist.",
server:dev:         "domain": "global",
server:dev:         "reason": "notFound"
server:dev:       }
server:dev:     ]
server:dev:   }
server:dev: }
server:dev: 
server:dev: [StorageManager] lighthouse background attempt 1 failed: fetch failed
server:dev: [StorageManager] Retrying lighthouse background upload in 5000ms (attempt 1/2)
server:dev: [StorageManager] firebase background attempt 3 failed: {
server:dev:   "error": {
server:dev:     "code": 404,
server:dev:     "message": "The specified bucket does not exist.",
server:dev:     "errors": [
server:dev:       {
server:dev:         "message": "The specified bucket does not exist.",
server:dev:         "domain": "global",
server:dev:         "reason": "notFound"
server:dev:       }
server:dev:     ]
server:dev:   }
server:dev: }
server:dev: 
server:dev: [StorageManager] Background upload to firebase permanently failed: {
server:dev:   "error": {
server:dev:     "code": 404,
server:dev:     "message": "The specified bucket does not exist.",
server:dev:     "errors": [
server:dev:       {
server:dev:         "message": "The specified bucket does not exist.",
server:dev:         "domain": "global",
server:dev:         "reason": "notFound"
server:dev:       }
server:dev:     ]
server:dev:   }
server:dev: }
server:dev: 
server:dev: [StorageManager] Retrying lighthouse background upload in 15000ms (attempt 2/2)
server:dev: [StorageManager] lighthouse background attempt 2 failed: fetch failed
server:dev: [ByteDance] Image generated: 1 images
server:dev: [persist] Uploading generation-a5d92c87-688c-409b-a945-0e1cd2bcdb7a-0.png to permanent storage...
server:dev: --> POST /trpc/image.generate?batch=1 [32m200[0m 30s
server:dev: <-- POST /trpc/entities.create?batch=1
server:dev: --> POST /trpc/entities.create?batch=1 [32m200[0m 191ms
server:dev: <-- POST /trpc/threed.textTo3DPreview?batch=1
server:dev: [StorageManager] Uploading to pinata…
server:dev: --> POST /trpc/threed.textTo3DPreview?batch=1 [32m200[0m 2s
server:dev: <-- POST /trpc/image.generate?batch=1
server:dev: [ByteDance] Generating image: model=seedream-5-0-260128
server:dev: [StorageManager] Retrying firebase background upload in 5000ms (attempt 1/2)
server:dev: [StorageManager] firebase background attempt 1 failed: {
server:dev:   "error": {
server:dev:     "code": 404,
server:dev:     "message": "The specified bucket does not exist.",
server:dev:     "errors": [
server:dev:       {
server:dev:         "message": "The specified bucket does not exist.",
server:dev:         "domain": "global",
server:dev:         "reason": "notFound"
server:dev:       }
server:dev:     ]
server:dev:   }
server:dev: }
server:dev: 
server:dev: [persist] generation-a5d92c87-688c-409b-a945-0e1cd2bcdb7a-0.png saved permanently: https://peach-impressive-moth-978.mypinata.cloud/ipfs/QmYfhVU6pgm7b6a7UGuneEdLvpvN9yJ7yofZHok4ZLiyJa
server:dev: [StorageManager] firebase background attempt 2 failed: {
server:dev:   "error": {
server:dev: [StorageManager] Retrying firebase background upload in 15000ms (attempt 2/2)
server:dev:     "code": 404,
server:dev:     "message": "The specified bucket does not exist.",
server:dev:     "errors": [
server:dev:       {
server:dev:         "message": "The specified bucket does not exist.",
server:dev:         "domain": "global",
server:dev:         "reason": "notFound"
server:dev:       }
server:dev:     ]
server:dev:   }
server:dev: }
server:dev: 
server:dev: [StorageManager] lighthouse background attempt 3 failed: fetch failed
server:dev: [StorageManager] Background upload to lighthouse permanently failed: fetch failed
server:dev: [StorageManager] firebase background attempt 3 failed: {
server:dev:   "error": {
server:dev:     "code": 404,
server:dev:     "message": "The specified bucket does not exist.",
server:dev:     "errors": [
server:dev:       {
server:dev:         "message": "The specified bucket does not exist.",
server:dev:         "domain": "global",
server:dev:         "reason": "notFound"
server:dev:       }
server:dev:     ]
server:dev:   }
server:dev: }
server:dev: 
server:dev: [StorageManager] Background upload to firebase permanently failed: {
server:dev:   "error": {
server:dev:     "code": 404,
server:dev:     "message": "The specified bucket does not exist.",
server:dev:     "errors": [
server:dev:       {
server:dev:         "message": "The specified bucket does not exist.",
server:dev:         "domain": "global",
server:dev:         "reason": "notFound"
server:dev:       }
server:dev:     ]
server:dev:   }
server:dev: }
server:dev: 
server:dev: [ByteDance] Image generated: 1 images
server:dev: [persist] Uploading generation-e2efa826-1e12-4f4e-916a-2ce379ee9952-0.png to permanent storage...
server:dev: --> POST /trpc/image.generate?batch=1 [32m200[0m 43s
server:dev: <-- POST /trpc/entities.create?batch=1
server:dev: --> POST /trpc/entities.create?batch=1 [32m200[0m 216ms
server:dev: <-- POST /trpc/threed.textTo3DPreview?batch=1
server:dev: --> POST /trpc/threed.textTo3DPreview?batch=1 [32m200[0m 2s
server:dev: <-- POST /trpc/image.generate?batch=1
server:dev: [ByteDance] Generating image: model=seedream-5-0-260128
server:dev: [StorageManager] Uploading to pinata…
server:dev: [StorageManager] Retrying firebase background upload in 5000ms (attempt 1/2)
server:dev: [StorageManager] firebase background attempt 1 failed: {
server:dev:   "error": {
server:dev:     "code": 404,
server:dev:     "message": "The specified bucket does not exist.",
server:dev:     "errors": [
server:dev:       {
server:dev:         "message": "The specified bucket does not exist.",
server:dev:         "domain": "global",
server:dev:         "reason": "notFound"
server:dev:       }
server:dev:     ]
server:dev:   }
server:dev: }
server:dev: 
server:dev: [persist] generation-e2efa826-1e12-4f4e-916a-2ce379ee9952-0.png saved permanently: https://peach-impressive-moth-978.mypinata.cloud/ipfs/QmQvTmnDf9KkaPLLiAPCr9i1pvw6633EJPkg3wEzPPDxhX
server:dev: [StorageManager] Retrying firebase background upload in 15000ms (attempt 2/2)
server:dev: [StorageManager] firebase background attempt 2 failed: {
server:dev:   "error": {
server:dev:     "code": 404,
server:dev:     "message": "The specified bucket does not exist.",
server:dev:     "errors": [
server:dev:       {
server:dev:         "message": "The specified bucket does not exist.",
server:dev:         "domain": "global",
server:dev:         "reason": "notFound"
server:dev:       }
server:dev:     ]
server:dev:   }
server:dev: }
server:dev: 
server:dev: [StorageManager] firebase background attempt 3 failed: {
server:dev:   "error": {
server:dev:     "code": 404,
server:dev:     "message": "The specified bucket does not exist.",
server:dev:     "errors": [
server:dev:       {
server:dev:         "message": "The specified bucket does not exist.",
server:dev:         "domain": "global",
server:dev:         "reason": "notFound"
server:dev:       }
server:dev:     ]
server:dev:   }
server:dev: }
server:dev: 
server:dev: [StorageManager] Background upload to firebase permanently failed: {
server:dev:   "error": {
server:dev:     "code": 404,
server:dev:     "message": "The specified bucket does not exist.",
server:dev:     "errors": [
server:dev:       {
server:dev:         "message": "The specified bucket does not exist.",
server:dev:         "domain": "global",
server:dev:         "reason": "notFound"
server:dev:       }
server:dev:     ]
server:dev:   }
server:dev: }
server:dev: 
server:dev: [ByteDance] Image generated: 1 images
server:dev: [persist] Uploading generation-23233e45-9a8d-4afe-bad9-1132c703f80a-0.png to permanent storage...
server:dev: --> POST /trpc/image.generate?batch=1 [32m200[0m 36s
server:dev: <-- POST /trpc/entities.create?batch=1
server:dev: --> POST /trpc/entities.create?batch=1 [32m200[0m 249ms
server:dev: <-- POST /trpc/threed.textTo3DPreview?batch=1
server:dev: --> POST /trpc/threed.textTo3DPreview?batch=1 [32m200[0m 2s
server:dev: [StorageManager] Uploading to pinata…
server:dev: <-- POST /trpc/image.generate?batch=1
server:dev: [ByteDance] Generating image: model=seedream-5-0-260128
server:dev: [StorageManager] Retrying firebase background upload in 5000ms (attempt 1/2)
server:dev: [StorageManager] firebase background attempt 1 failed: {
server:dev:   "error": {
server:dev:     "code": 404,
server:dev:     "message": "The specified bucket does not exist.",
server:dev:     "errors": [
server:dev:       {
server:dev:         "message": "The specified bucket does not exist.",
server:dev:         "domain": "global",
server:dev:         "reason": "notFound"
server:dev:       }
server:dev:     ]
server:dev:   }
server:dev: }
server:dev: 
server:dev: [persist] generation-23233e45-9a8d-4afe-bad9-1132c703f80a-0.png saved permanently: https://peach-impressive-moth-978.mypinata.cloud/ipfs/QmSBBdxKur9EvxP5smabbs89v5aPM9JMZfWN9vSNFMDFoh
server:dev: [StorageManager] firebase background attempt 2 failed: {
server:dev:   "error": {
server:dev:     "code": 404,
server:dev:     "message": "The specified bucket does not exist.",
server:dev:     "errors": [
server:dev:       {
server:dev:         "message": "The specified bucket does not exist.",
server:dev:         "domain": "global",
server:dev:         "reason": "notFound"
server:dev:       }
server:dev:     ]
server:dev:   }
server:dev: }
server:dev: 
server:dev: [StorageManager] Retrying firebase background upload in 15000ms (attempt 2/2)
server:dev: [StorageManager] lighthouse background attempt 1 failed: fetch failed
server:dev: [StorageManager] Retrying lighthouse background upload in 5000ms (attempt 1/2)
server:dev: [StorageManager] firebase background attempt 3 failed: {
server:dev:   "error": {
server:dev:     "code": 404,
server:dev:     "message": "The specified bucket does not exist.",
server:dev:     "errors": [
server:dev:       {
server:dev:         "message": "The specified bucket does not exist.",
server:dev:         "domain": "global",
server:dev:         "reason": "notFound"
server:dev:       }
server:dev:     ]
server:dev:   }
server:dev: }
server:dev: 
server:dev: [StorageManager] Background upload to firebase permanently failed: {
server:dev:   "error": {
server:dev:     "code": 404,
server:dev:     "message": "The specified bucket does not exist.",
server:dev:     "errors": [
server:dev:       {
server:dev:         "message": "The specified bucket does not exist.",
server:dev:         "domain": "global",
server:dev:         "reason": "notFound"
server:dev:       }
server:dev:     ]
server:dev:   }
server:dev: }
server:dev: 
server:dev: [StorageManager] Retrying lighthouse background upload in 15000ms (attempt 2/2)
server:dev: [StorageManager] lighthouse background attempt 2 failed: fetch failed
server:dev: [ByteDance] Image generated: 1 images
server:dev: [persist] Uploading generation-e924f950-e058-435e-b689-3bd02aaab2dd-0.png to permanent storage...
server:dev: --> POST /trpc/image.generate?batch=1 [32m200[0m 35s
server:dev: <-- POST /trpc/entities.create?batch=1
server:dev: --> POST /trpc/entities.create?batch=1 [32m200[0m 196ms
server:dev: <-- POST /trpc/threed.textTo3DPreview?batch=1
server:dev: [StorageManager] Uploading to pinata…
server:dev: --> POST /trpc/threed.textTo3DPreview?batch=1 [32m200[0m 2s
server:dev: <-- POST /trpc/image.generate?batch=1
server:dev: [ByteDance] Generating image: model=seedream-5-0-260128
server:dev: [StorageManager] Retrying firebase background upload in 5000ms (attempt 1/2)
server:dev: [StorageManager] firebase background attempt 1 failed: {
server:dev:   "error": {
server:dev:     "code": 404,
server:dev:     "message": "The specified bucket does not exist.",
server:dev:     "errors": [
server:dev:       {
server:dev:         "message": "The specified bucket does not exist.",
server:dev:         "domain": "global",
server:dev:         "reason": "notFound"
server:dev:       }
server:dev:     ]
server:dev:   }
server:dev: }
server:dev: 
server:dev: [persist] generation-e924f950-e058-435e-b689-3bd02aaab2dd-0.png saved permanently: https://peach-impressive-moth-978.mypinata.cloud/ipfs/QmViLbtmMrDN4kQt9EHrtHa5rizm4D6jC3MB33aVSjGEyV
server:dev: [StorageManager] Retrying firebase background upload in 15000ms (attempt 2/2)
server:dev: [StorageManager] firebase background attempt 2 failed: {
server:dev:   "error": {
server:dev:     "code": 404,
server:dev:     "message": "The specified bucket does not exist.",
server:dev:     "errors": [
server:dev:       {
server:dev:         "message": "The specified bucket does not exist.",
server:dev:         "domain": "global",
server:dev:         "reason": "notFound"
server:dev:       }
server:dev:     ]
server:dev:   }
server:dev: }
server:dev: 
server:dev: <-- GET /
server:dev: --> GET / [32m200[0m 1ms
server:dev: [StorageManager] lighthouse background attempt 3 failed: fetch failed
server:dev: [StorageManager] Background upload to lighthouse permanently failed: fetch failed
server:dev: [StorageManager] firebase background attempt 3 failed: {
server:dev:   "error": {
server:dev:     "code": 404,
server:dev:     "message": "The specified bucket does not exist.",
server:dev:     "errors": [
server:dev:       {
server:dev:         "message": "The specified bucket does not exist.",
server:dev:         "domain": "global",
server:dev:         "reason": "notFound"
server:dev:       }
server:dev:     ]
server:dev:   }
server:dev: }
server:dev: 
server:dev: [StorageManager] Background upload to firebase permanently failed: {
server:dev:   "error": {
server:dev:     "code": 404,
server:dev:     "message": "The specified bucket does not exist.",
server:dev:     "errors": [
server:dev:       {
server:dev:         "message": "The specified bucket does not exist.",
server:dev:         "domain": "global",
server:dev:         "reason": "notFound"
server:dev:       }
server:dev:     ]
server:dev:   }
server:dev: }
server:dev: 
server:dev: [ByteDance] Image generated: 1 images
server:dev: [persist] Uploading generation-b4cd0b0f-8a1b-47a6-8f97-a17c14538595-0.png to permanent storage...
server:dev: --> POST /trpc/image.generate?batch=1 [32m200[0m 39s
server:dev: <-- POST /trpc/entities.create?batch=1
server:dev: --> POST /trpc/entities.create?batch=1 [32m200[0m 242ms
server:dev: <-- POST /trpc/threed.textTo3DPreview?batch=1
server:dev: [StorageManager] Uploading to pinata…
server:dev: --> POST /trpc/threed.textTo3DPreview?batch=1 [32m200[0m 2s
server:dev: <-- POST /trpc/image.generate?batch=1
server:dev: [ByteDance] Generating image: model=seedream-5-0-260128
server:dev: [StorageManager] Retrying firebase background upload in 5000ms (attempt 1/2)
server:dev: [StorageManager] firebase background attempt 1 failed: {
server:dev:   "error": {
server:dev:     "code": 404,
server:dev:     "message": "The specified bucket does not exist.",
server:dev:     "errors": [
server:dev:       {
server:dev:         "message": "The specified bucket does not exist.",
server:dev:         "domain": "global",
server:dev:         "reason": "notFound"
server:dev:       }
server:dev:     ]
server:dev:   }
server:dev: }
server:dev: 
server:dev: [persist] generation-b4cd0b0f-8a1b-47a6-8f97-a17c14538595-0.png saved permanently: https://peach-impressive-moth-978.mypinata.cloud/ipfs/QmeGwNDCFvPamf5785cKAFCGC86pCvQBZ7Bu7Q7FrUPYmN
server:dev: [StorageManager] firebase background attempt 2 failed: {
server:dev: [StorageManager] Retrying firebase background upload in 15000ms (attempt 2/2)
server:dev:   "error": {
server:dev:     "code": 404,
server:dev:     "message": "The specified bucket does not exist.",
server:dev:     "errors": [
server:dev:       {
server:dev:         "message": "The specified bucket does not exist.",
server:dev:         "domain": "global",
server:dev:         "reason": "notFound"
server:dev:       }
server:dev:     ]
server:dev:   }
server:dev: }
server:dev: 
server:dev: [StorageManager] firebase background attempt 3 failed: {
server:dev:   "error": {
server:dev:     "code": 404,
server:dev:     "message": "The specified bucket does not exist.",
server:dev:     "errors": [
server:dev:       {
server:dev:         "message": "The specified bucket does not exist.",
server:dev:         "domain": "global",
server:dev:         "reason": "notFound"
server:dev:       }
server:dev:     ]
server:dev:   }
server:dev: }
server:dev: 
server:dev: [StorageManager] Background upload to firebase permanently failed: {
server:dev:   "error": {
server:dev:     "code": 404,
server:dev:     "message": "The specified bucket does not exist.",
server:dev:     "errors": [
server:dev:       {
server:dev:         "message": "The specified bucket does not exist.",
server:dev:         "domain": "global",
server:dev:         "reason": "notFound"
server:dev:       }
server:dev:     ]
server:dev:   }
server:dev: }
server:dev: 
server:dev: [ByteDance] Image generated: 1 images
server:dev: [persist] Uploading generation-2e505365-527a-4149-aa71-8737f96f09ab-0.png to permanent storage...
server:dev: --> POST /trpc/image.generate?batch=1 [32m200[0m 45s
server:dev: <-- POST /trpc/entities.create?batch=1
server:dev: --> POST /trpc/entities.create?batch=1 [32m200[0m 224ms
server:dev: <-- POST /trpc/threed.textTo3DPreview?batch=1
server:dev: [StorageManager] Uploading to pinata…
server:dev: --> POST /trpc/threed.textTo3DPreview?batch=1 [32m200[0m 2s
server:dev: <-- POST /trpc/image.generate?batch=1
server:dev: [ByteDance] Generating image: model=seedream-5-0-260128
server:dev: [StorageManager] Retrying firebase background upload in 5000ms (attempt 1/2)
server:dev: [StorageManager] firebase background attempt 1 failed: {
server:dev:   "error": {
server:dev:     "code": 404,
server:dev:     "message": "The specified bucket does not exist.",
server:dev:     "errors": [
server:dev:       {
server:dev:         "message": "The specified bucket does not exist.",
server:dev:         "domain": "global",
server:dev:         "reason": "notFound"
server:dev:       }
server:dev:     ]
server:dev:   }
server:dev: }
server:dev: 
server:dev: [persist] generation-2e505365-527a-4149-aa71-8737f96f09ab-0.png saved permanently: https://peach-impressive-moth-978.mypinata.cloud/ipfs/QmXdxpoRM6bi1tFgFyE8XgrvDLfFYff8q8FP8RJywrPBY1
server:dev: [StorageManager] firebase background attempt 2 failed: {
server:dev: [StorageManager] Retrying firebase background upload in 15000ms (attempt 2/2)
server:dev:   "error": {
server:dev:     "code": 404,
server:dev:     "message": "The specified bucket does not exist.",
server:dev:     "errors": [
server:dev:       {
server:dev:         "message": "The specified bucket does not exist.",
server:dev:         "domain": "global",
server:dev:         "reason": "notFound"
server:dev:       }
server:dev:     ]
server:dev:   }
server:dev: }
server:dev: 
server:dev: [StorageManager] Retrying lighthouse background upload in 5000ms (attempt 1/2)
server:dev: [StorageManager] lighthouse background attempt 1 failed: fetch failed
server:dev: [StorageManager] firebase background attempt 3 failed: {
server:dev:   "error": {
server:dev:     "code": 404,
server:dev:     "message": "The specified bucket does not exist.",
server:dev:     "errors": [
server:dev:       {
server:dev:         "message": "The specified bucket does not exist.",
server:dev:         "domain": "global",
server:dev:         "reason": "notFound"
server:dev:       }
server:dev:     ]
server:dev:   }
server:dev: }
server:dev: 
server:dev: [StorageManager] Background upload to firebase permanently failed: {
server:dev:   "error": {
server:dev:     "code": 404,
server:dev:     "message": "The specified bucket does not exist.",
server:dev:     "errors": [
server:dev:       {
server:dev:         "message": "The specified bucket does not exist.",
server:dev:         "domain": "global",
server:dev:         "reason": "notFound"
server:dev:       }
server:dev:     ]
server:dev:   }
server:dev: }
server:dev: 
server:dev: [StorageManager] Retrying lighthouse background upload in 15000ms (attempt 2/2)
server:dev: [StorageManager] lighthouse background attempt 2 failed: fetch failed
server:dev: [ByteDance] Image generated: 1 images
server:dev: [persist] Uploading generation-8d80003f-208a-4dd1-af0b-df6912d17c48-0.png to permanent storage...
server:dev: --> POST /trpc/image.generate?batch=1 [32m200[0m 35s
server:dev: <-- POST /trpc/entities.create?batch=1
server:dev: --> POST /trpc/entities.create?batch=1 [32m200[0m 237ms
server:dev: <-- POST /trpc/threed.textTo3DPreview?batch=1
server:dev: --> POST /trpc/threed.textTo3DPreview?batch=1 [32m200[0m 3s
server:dev: <-- POST /trpc/image.generate?batch=1
server:dev: [ByteDance] Generating image: model=seedream-5-0-260128
server:dev: [StorageManager] Uploading to pinata…
server:dev: [StorageManager] Retrying firebase background upload in 5000ms (attempt 1/2)
server:dev: [StorageManager] firebase background attempt 1 failed: {
server:dev:   "error": {
server:dev:     "code": 404,
server:dev:     "message": "The specified bucket does not exist.",
server:dev:     "errors": [
server:dev:       {
server:dev:         "message": "The specified bucket does not exist.",
server:dev:         "domain": "global",
server:dev:         "reason": "notFound"
server:dev:       }
server:dev:     ]
server:dev:   }
server:dev: }
server:dev: 
server:dev: [persist] generation-8d80003f-208a-4dd1-af0b-df6912d17c48-0.png saved permanently: https://peach-impressive-moth-978.mypinata.cloud/ipfs/QmZ14LizdPgCJdcujxwNNHCDBUcpCEJmuC42m1q4Y5Rs1m
server:dev: [StorageManager] Retrying firebase background upload in 15000ms (attempt 2/2)
server:dev: [StorageManager] firebase background attempt 2 failed: {
server:dev:   "error": {
server:dev:     "code": 404,
server:dev:     "message": "The specified bucket does not exist.",
server:dev:     "errors": [
server:dev:       {
server:dev:         "message": "The specified bucket does not exist.",
server:dev:         "domain": "global",
server:dev:         "reason": "notFound"
server:dev:       }
server:dev:     ]
server:dev:   }
server:dev: }
server:dev: 
server:dev: [StorageManager] lighthouse background attempt 3 failed: fetch failed
server:dev: [StorageManager] Background upload to lighthouse permanently failed: fetch failed
server:dev: [StorageManager] firebase background attempt 3 failed: {
server:dev:   "error": {
server:dev:     "code": 404,
server:dev:     "message": "The specified bucket does not exist.",
server:dev:     "errors": [
server:dev:       {
server:dev:         "message": "The specified bucket does not exist.",
server:dev:         "domain": "global",
server:dev:         "reason": "notFound"
server:dev:       }
server:dev:     ]
server:dev:   }
server:dev: }
server:dev: 
server:dev: [StorageManager] Background upload to firebase permanently failed: {
server:dev:   "error": {
server:dev:     "code": 404,
server:dev:     "message": "The specified bucket does not exist.",
server:dev:     "errors": [
server:dev:       {
server:dev:         "message": "The specified bucket does not exist.",
server:dev:         "domain": "global",
server:dev:         "reason": "notFound"
server:dev:       }
server:dev:     ]
server:dev:   }
server:dev: }
server:dev: 
server:dev: [ByteDance] Image generated: 1 images
server:dev: [persist] Uploading generation-22234288-6bee-4d71-a425-82c7da7b946f-0.png to permanent storage...
server:dev: --> POST /trpc/image.generate?batch=1 [32m200[0m 45s
server:dev: <-- POST /trpc/entities.create?batch=1
server:dev: --> POST /trpc/entities.create?batch=1 [32m200[0m 223ms
server:dev: <-- POST /trpc/threed.textTo3DPreview?batch=1
server:dev: [StorageManager] Uploading to pinata…
server:dev: --> POST /trpc/threed.textTo3DPreview?batch=1 [32m200[0m 2s
server:dev: <-- POST /trpc/image.generate?batch=1
server:dev: [ByteDance] Generating image: model=seedream-5-0-260128
server:dev: [StorageManager] firebase background attempt 1 failed: {
server:dev:   "error": {
server:dev:     "code": 404,
server:dev:     "message": "The specified bucket does not exist.",
server:dev:     "errors": [
server:dev:       {
server:dev:         "message": "The specified bucket does not exist.",
server:dev:         "domain": "global",
server:dev:         "reason": "notFound"
server:dev:       }
server:dev:     ]
server:dev:   }
server:dev: }
server:dev: 
server:dev: [StorageManager] Retrying firebase background upload in 5000ms (attempt 1/2)
server:dev: [persist] generation-22234288-6bee-4d71-a425-82c7da7b946f-0.png saved permanently: https://peach-impressive-moth-978.mypinata.cloud/ipfs/QmYmX8YY5wcFPuYS2aPaptPb8uUQcJshMzUoCZxGMpayvo
server:dev: [StorageManager] firebase background attempt 2 failed: {
server:dev:   "error": {
server:dev:     "code": 404,
server:dev: [StorageManager] Retrying firebase background upload in 15000ms (attempt 2/2)
server:dev:     "message": "The specified bucket does not exist.",
server:dev:     "errors": [
server:dev:       {
server:dev:         "message": "The specified bucket does not exist.",
server:dev:         "domain": "global",
server:dev:         "reason": "notFound"
server:dev:       }
server:dev:     ]
server:dev:   }
server:dev: }
server:dev: 
server:dev: [StorageManager] firebase background attempt 3 failed: {
server:dev:   "error": {
server:dev:     "code": 404,
server:dev:     "message": "The specified bucket does not exist.",
server:dev:     "errors": [
server:dev:       {
server:dev:         "message": "The specified bucket does not exist.",
server:dev:         "domain": "global",
server:dev:         "reason": "notFound"
server:dev:       }
server:dev:     ]
server:dev:   }
server:dev: }
server:dev: 
server:dev: [StorageManager] Background upload to firebase permanently failed: {
server:dev:   "error": {
server:dev:     "code": 404,
server:dev:     "message": "The specified bucket does not exist.",
server:dev:     "errors": [
server:dev:       {
server:dev:         "message": "The specified bucket does not exist.",
server:dev:         "domain": "global",
server:dev:         "reason": "notFound"
server:dev:       }
server:dev:     ]
server:dev:   }
server:dev: }
server:dev: 
server:dev: [ByteDance] Image generation failed: Error: ByteDance API error 400: The request failed because the output image may contain sensitive information. Request id: 0217764945554104d21f3e3e165e25fcf12f86815b4407ffe0041
server:dev:     at ByteDanceService.request (/home/god/Desktop/LOAR/loar/apps/server/src/services/bytedance.ts:102:13)
server:dev:     at process.processTicksAndRejections (node:internal/process/task_queues:95:5)
server:dev:     at async ByteDanceService.generateImage (/home/god/Desktop/LOAR/loar/apps/server/src/services/bytedance.ts:298:22)
server:dev:     at async <anonymous> (/home/god/Desktop/LOAR/loar/apps/server/src/routers/generation/image.routes.ts:467:15)
server:dev:     at async resolveMiddleware (/home/god/Desktop/LOAR/loar/node_modules/.pnpm/@trpc+server@11.15.0_typescript@5.9.3/node_modules/@trpc/server/src/unstable-core-do-not-import/procedureBuilder.ts:576:22)
server:dev:     at async callRecursive (/home/god/Desktop/LOAR/loar/node_modules/.pnpm/@trpc+server@11.15.0_typescript@5.9.3/node_modules/@trpc/server/src/unstable-core-do-not-import/procedureBuilder.ts:642:20)
server:dev:     at async callRecursive (/home/god/Desktop/LOAR/loar/node_modules/.pnpm/@trpc+server@11.15.0_typescript@5.9.3/node_modules/@trpc/server/src/unstable-core-do-not-import/procedureBuilder.ts:642:20)
server:dev:     at async callRecursive (/home/god/Desktop/LOAR/loar/node_modules/.pnpm/@trpc+server@11.15.0_typescript@5.9.3/node_modules/@trpc/server/src/unstable-core-do-not-import/procedureBuilder.ts:642:20)
server:dev:     at async callRecursive (/home/god/Desktop/LOAR/loar/node_modules/.pnpm/@trpc+server@11.15.0_typescript@5.9.3/node_modules/@trpc/server/src/unstable-core-do-not-import/procedureBuilder.ts:642:20)
server:dev:     at async procedure (/home/god/Desktop/LOAR/loar/node_modules/.pnpm/@trpc+server@11.15.0_typescript@5.9.3/node_modules/@trpc/server/src/unstable-core-do-not-import/procedureBuilder.ts:682:20)
server:dev: <-- POST /trpc/entities.create?batch=1
server:dev: --> POST /trpc/entities.create?batch=1 [32m200[0m 236ms
server:dev: <-- POST /trpc/threed.textTo3DPreview?batch=1
server:dev: --> POST /trpc/threed.textTo3DPreview?batch=1 [32m200[0m 3s
server:dev: <-- POST /trpc/image.generate?batch=1
server:dev: [ByteDance] Generating image: model=seedream-5-0-260128
server:dev: [ByteDance] Image generated: 1 images
server:dev: [persist] Uploading generation-bc2a6545-0faa-4dfc-9cad-acf216a1d626-0.png to permanent storage...
server:dev: --> POST /trpc/image.generate?batch=1 [32m200[0m 43s
server:dev: <-- POST /trpc/entities.create?batch=1
server:dev: --> POST /trpc/entities.create?batch=1 [32m200[0m 258ms
server:dev: <-- POST /trpc/threed.textTo3DPreview?batch=1
server:dev: --> POST /trpc/threed.textTo3DPreview?batch=1 [32m200[0m 2s
server:dev: <-- POST /trpc/image.generate?batch=1
server:dev: [ByteDance] Generating image: model=seedream-5-0-260128
server:dev: [StorageManager] Uploading to pinata…
server:dev: [StorageManager] Retrying firebase background upload in 5000ms (attempt 1/2)
server:dev: [StorageManager] firebase background attempt 1 failed: {
server:dev:   "error": {
server:dev:     "code": 404,
server:dev:     "message": "The specified bucket does not exist.",
server:dev:     "errors": [
server:dev:       {
server:dev:         "message": "The specified bucket does not exist.",
server:dev:         "domain": "global",
server:dev:         "reason": "notFound"
server:dev:       }
server:dev:     ]
server:dev:   }
server:dev: }
server:dev: 
server:dev: [persist] generation-bc2a6545-0faa-4dfc-9cad-acf216a1d626-0.png saved permanently: https://peach-impressive-moth-978.mypinata.cloud/ipfs/Qmai7YEXaAFHB3iskjTiHKSkBM5VVvwj5dB67wzLXq686v
server:dev: [StorageManager] firebase background attempt 2 failed: {
server:dev:   "error": {
server:dev: [StorageManager] Retrying firebase background upload in 15000ms (attempt 2/2)
server:dev:     "code": 404,
server:dev:     "message": "The specified bucket does not exist.",
server:dev:     "errors": [
server:dev:       {
server:dev:         "message": "The specified bucket does not exist.",
server:dev:         "domain": "global",
server:dev:         "reason": "notFound"
server:dev:       }
server:dev:     ]
server:dev:   }
server:dev: }
server:dev: 
server:dev: [StorageManager] lighthouse background attempt 1 failed: fetch failed
server:dev: [StorageManager] Retrying lighthouse background upload in 5000ms (attempt 1/2)
server:dev: [StorageManager] firebase background attempt 3 failed: {
server:dev:   "error": {
server:dev:     "code": 404,
server:dev:     "message": "The specified bucket does not exist.",
server:dev:     "errors": [
server:dev:       {
server:dev:         "message": "The specified bucket does not exist.",
server:dev:         "domain": "global",
server:dev:         "reason": "notFound"
server:dev:       }
server:dev:     ]
server:dev:   }
server:dev: }
server:dev: 
server:dev: [StorageManager] Background upload to firebase permanently failed: {
server:dev:   "error": {
server:dev:     "code": 404,
server:dev:     "message": "The specified bucket does not exist.",
server:dev:     "errors": [
server:dev:       {
server:dev:         "message": "The specified bucket does not exist.",
server:dev:         "domain": "global",
server:dev:         "reason": "notFound"
server:dev:       }
server:dev:     ]
server:dev:   }
server:dev: }
server:dev: 
server:dev: [StorageManager] Retrying lighthouse background upload in 15000ms (attempt 2/2)
server:dev: [StorageManager] lighthouse background attempt 2 failed: fetch failed
server:dev: [ByteDance] Image generated: 1 images
server:dev: [persist] Uploading generation-50816d33-4149-48d5-a940-3207da648c05-0.png to permanent storage...
server:dev: --> POST /trpc/image.generate?batch=1 [32m200[0m 31s
server:dev: <-- POST /trpc/entities.create?batch=1
server:dev: --> POST /trpc/entities.create?batch=1 [32m200[0m 190ms
server:dev: <-- POST /trpc/threed.textTo3DPreview?batch=1
server:dev: [StorageManager] Uploading to pinata…
server:dev: --> POST /trpc/threed.textTo3DPreview?batch=1 [32m200[0m 2s
server:dev: <-- POST /trpc/image.generate?batch=1
server:dev: [ByteDance] Generating image: model=seedream-5-0-260128
server:dev: [StorageManager] firebase background attempt 1 failed: {
server:dev:   "error": {
server:dev: [StorageManager] Retrying firebase background upload in 5000ms (attempt 1/2)
server:dev:     "code": 404,
server:dev:     "message": "The specified bucket does not exist.",
server:dev:     "errors": [
server:dev:       {
server:dev:         "message": "The specified bucket does not exist.",
server:dev:         "domain": "global",
server:dev:         "reason": "notFound"
server:dev:       }
server:dev:     ]
server:dev:   }
server:dev: }
server:dev: 
server:dev: [persist] generation-50816d33-4149-48d5-a940-3207da648c05-0.png saved permanently: https://peach-impressive-moth-978.mypinata.cloud/ipfs/QmWwXZ218PzqpNQze1n6MZKMxWkUGPohkHA1BPNgwKF5HB
server:dev: [StorageManager] Retrying firebase background upload in 15000ms (attempt 2/2)
server:dev: [StorageManager] firebase background attempt 2 failed: {
server:dev:   "error": {
server:dev:     "code": 404,
server:dev:     "message": "The specified bucket does not exist.",
server:dev:     "errors": [
server:dev:       {
server:dev:         "message": "The specified bucket does not exist.",
server:dev:         "domain": "global",
server:dev:         "reason": "notFound"
server:dev:       }
server:dev:     ]
server:dev:   }
server:dev: }
server:dev: 
server:dev: [StorageManager] lighthouse background attempt 3 failed: fetch failed
server:dev: [StorageManager] Background upload to lighthouse permanently failed: fetch failed
server:dev: [StorageManager] firebase background attempt 3 failed: {
server:dev:   "error": {
server:dev:     "code": 404,
server:dev:     "message": "The specified bucket does not exist.",
server:dev:     "errors": [
server:dev:       {
server:dev:         "message": "The specified bucket does not exist.",
server:dev:         "domain": "global",
server:dev:         "reason": "notFound"
server:dev:       }
server:dev:     ]
server:dev:   }
server:dev: }
server:dev: 
server:dev: [StorageManager] Background upload to firebase permanently failed: {
server:dev:   "error": {
server:dev:     "code": 404,
server:dev:     "message": "The specified bucket does not exist.",
server:dev:     "errors": [
server:dev:       {
server:dev:         "message": "The specified bucket does not exist.",
server:dev:         "domain": "global",
server:dev:         "reason": "notFound"
server:dev:       }
server:dev:     ]
server:dev:   }
server:dev: }
server:dev: 
server:dev: [ByteDance] Image generated: 1 images
server:dev: [persist] Uploading generation-59a2ab65-d870-4f1f-b4a8-4c3fd055373b-0.png to permanent storage...
server:dev: --> POST /trpc/image.generate?batch=1 [32m200[0m 50s
server:dev: <-- POST /trpc/entities.create?batch=1
server:dev: --> POST /trpc/entities.create?batch=1 [32m200[0m 371ms
server:dev: <-- POST /trpc/threed.textTo3DPreview?batch=1
server:dev: --> POST /trpc/threed.textTo3DPreview?batch=1 [32m200[0m 2s
server:dev: <-- POST /trpc/image.generate?batch=1
server:dev: [ByteDance] Generating image: model=seedream-5-0-260128
server:dev: [StorageManager] Uploading to pinata…
server:dev: [StorageManager] firebase background attempt 1 failed: {
server:dev:   "error": {
server:dev:     "code": 404,
server:dev: [StorageManager] Retrying firebase background upload in 5000ms (attempt 1/2)
server:dev:     "message": "The specified bucket does not exist.",
server:dev:     "errors": [
server:dev:       {
server:dev:         "message": "The specified bucket does not exist.",
server:dev:         "domain": "global",
server:dev:         "reason": "notFound"
server:dev:       }
server:dev:     ]
server:dev:   }
server:dev: }
server:dev: 
server:dev: [persist] generation-59a2ab65-d870-4f1f-b4a8-4c3fd055373b-0.png saved permanently: https://peach-impressive-moth-978.mypinata.cloud/ipfs/QmU61uqnqJYE2yTp6CZMTes1aSBdEsPq4JxtKomfxrj5Sc
server:dev: [StorageManager] Retrying firebase background upload in 15000ms (attempt 2/2)
server:dev: [StorageManager] firebase background attempt 2 failed: {
server:dev:   "error": {
server:dev:     "code": 404,
server:dev:     "message": "The specified bucket does not exist.",
server:dev:     "errors": [
server:dev:       {
server:dev:         "message": "The specified bucket does not exist.",
server:dev:         "domain": "global",
server:dev:         "reason": "notFound"
server:dev:       }
server:dev:     ]
server:dev:   }
server:dev: }
server:dev: 
server:dev: [StorageManager] firebase background attempt 3 failed: {
server:dev:   "error": {
server:dev:     "code": 404,
server:dev:     "message": "The specified bucket does not exist.",
server:dev:     "errors": [
server:dev:       {
server:dev:         "message": "The specified bucket does not exist.",
server:dev:         "domain": "global",
server:dev:         "reason": "notFound"
server:dev:       }
server:dev:     ]
server:dev:   }
server:dev: }
server:dev: 
server:dev: [StorageManager] Background upload to firebase permanently failed: {
server:dev:   "error": {
server:dev:     "code": 404,
server:dev:     "message": "The specified bucket does not exist.",
server:dev:     "errors": [
server:dev:       {
server:dev:         "message": "The specified bucket does not exist.",
server:dev:         "domain": "global",
server:dev:         "reason": "notFound"
server:dev:       }
server:dev:     ]
server:dev:   }
server:dev: }
server:dev: 
server:dev: [ByteDance] Image generated: 1 images
server:dev: [persist] Uploading generation-9c9879fb-d2f7-4bb1-bd79-21ba0a9efbfd-0.png to permanent storage...
server:dev: --> POST /trpc/image.generate?batch=1 [32m200[0m 48s
server:dev: <-- POST /trpc/entities.create?batch=1
server:dev: --> POST /trpc/entities.create?batch=1 [32m200[0m 224ms
server:dev: <-- POST /trpc/threed.textTo3DPreview?batch=1
server:dev: [StorageManager] Uploading to pinata…
server:dev: --> POST /trpc/threed.textTo3DPreview?batch=1 [32m200[0m 2s
server:dev: <-- POST /trpc/image.generate?batch=1
server:dev: [ByteDance] Generating image: model=seedream-5-0-260128
server:dev: [StorageManager] firebase background attempt 1 failed: {
server:dev:   "error": {
server:dev:     "code": 404,
server:dev:     "message": "The specified bucket does not exist.",
server:dev:     "errors": [
server:dev:       {
server:dev:         "message": "The specified bucket does not exist.",
server:dev:         "domain": "global",
server:dev:         "reason": "notFound"
server:dev:       }
server:dev:     ]
server:dev:   }
server:dev: }
server:dev: 
server:dev: [StorageManager] Retrying firebase background upload in 5000ms (attempt 1/2)
server:dev: [persist] generation-9c9879fb-d2f7-4bb1-bd79-21ba0a9efbfd-0.png saved permanently: https://peach-impressive-moth-978.mypinata.cloud/ipfs/QmPkz9GXPwLSSjDmmpSWRQHp6cQzxsxAsPgmtAkL4RvVRZ
server:dev: [StorageManager] Retrying firebase background upload in 15000ms (attempt 2/2)
server:dev: [StorageManager] firebase background attempt 2 failed: {
server:dev:   "error": {
server:dev:     "code": 404,
server:dev:     "message": "The specified bucket does not exist.",
server:dev:     "errors": [
server:dev:       {
server:dev:         "message": "The specified bucket does not exist.",
server:dev:         "domain": "global",
server:dev:         "reason": "notFound"
server:dev:       }
server:dev:     ]
server:dev:   }
server:dev: }
server:dev: 
server:dev: [StorageManager] Retrying lighthouse background upload in 5000ms (attempt 1/2)
server:dev: [StorageManager] lighthouse background attempt 1 failed: fetch failed
server:dev: [StorageManager] firebase background attempt 3 failed: {
server:dev:   "error": {
server:dev:     "code": 404,
server:dev:     "message": "The specified bucket does not exist.",
server:dev:     "errors": [
server:dev:       {
server:dev:         "message": "The specified bucket does not exist.",
server:dev:         "domain": "global",
server:dev:         "reason": "notFound"
server:dev:       }
server:dev:     ]
server:dev:   }
server:dev: }
server:dev: 
server:dev: [StorageManager] Background upload to firebase permanently failed: {
server:dev:   "error": {
server:dev:     "code": 404,
server:dev:     "message": "The specified bucket does not exist.",
server:dev:     "errors": [
server:dev:       {
server:dev:         "message": "The specified bucket does not exist.",
server:dev:         "domain": "global",
server:dev:         "reason": "notFound"
server:dev:       }
server:dev:     ]
server:dev:   }
server:dev: }
server:dev: 
server:dev: [StorageManager] Retrying lighthouse background upload in 15000ms (attempt 2/2)
server:dev: [StorageManager] lighthouse background attempt 2 failed: fetch failed
server:dev: [ByteDance] Image generated: 1 images
server:dev: [persist] Uploading generation-1802cdd7-cd92-49e1-919c-eb8e5a07aa47-0.png to permanent storage...
server:dev: --> POST /trpc/image.generate?batch=1 [32m200[0m 42s
server:dev: <-- POST /trpc/entities.create?batch=1
server:dev: --> POST /trpc/entities.create?batch=1 [32m200[0m 221ms
server:dev: <-- POST /trpc/threed.textTo3DPreview?batch=1
server:dev: [StorageManager] Uploading to pinata…
server:dev: --> POST /trpc/threed.textTo3DPreview?batch=1 [32m200[0m 3s
server:dev: <-- POST /trpc/image.generate?batch=1
server:dev: [ByteDance] Generating image: model=seedream-5-0-260128
server:dev: [StorageManager] Retrying firebase background upload in 5000ms (attempt 1/2)
server:dev: [StorageManager] firebase background attempt 1 failed: {
server:dev:   "error": {
server:dev:     "code": 404,
server:dev:     "message": "The specified bucket does not exist.",
server:dev:     "errors": [
server:dev:       {
server:dev:         "message": "The specified bucket does not exist.",
server:dev:         "domain": "global",
server:dev:         "reason": "notFound"
server:dev:       }
server:dev:     ]
server:dev:   }
server:dev: }
server:dev: 
server:dev: [persist] generation-1802cdd7-cd92-49e1-919c-eb8e5a07aa47-0.png saved permanently: https://peach-impressive-moth-978.mypinata.cloud/ipfs/QmNz2haEtXfYYs1w7CQVUeHJNJgXrCxqAEqAqctMHRJsn8
server:dev: [StorageManager] lighthouse background attempt 3 failed: fetch failed
server:dev: [StorageManager] Background upload to lighthouse permanently failed: fetch failed
server:dev: [StorageManager] Retrying firebase background upload in 15000ms (attempt 2/2)
server:dev: [StorageManager] firebase background attempt 2 failed: {
server:dev:   "error": {
server:dev:     "code": 404,
server:dev:     "message": "The specified bucket does not exist.",
server:dev:     "errors": [
server:dev:       {
server:dev:         "message": "The specified bucket does not exist.",
server:dev:         "domain": "global",
server:dev:         "reason": "notFound"
server:dev:       }
server:dev:     ]
server:dev:   }
server:dev: }
server:dev: 
server:dev: [StorageManager] firebase background attempt 3 failed: {
server:dev:   "error": {
server:dev:     "code": 404,
server:dev:     "message": "The specified bucket does not exist.",
server:dev:     "errors": [
server:dev:       {
server:dev:         "message": "The specified bucket does not exist.",
server:dev:         "domain": "global",
server:dev:         "reason": "notFound"
server:dev:       }
server:dev:     ]
server:dev:   }
server:dev: }
server:dev: 
server:dev: [StorageManager] Background upload to firebase permanently failed: {
server:dev:   "error": {
server:dev:     "code": 404,
server:dev:     "message": "The specified bucket does not exist.",
server:dev:     "errors": [
server:dev:       {
server:dev:         "message": "The specified bucket does not exist.",
server:dev:         "domain": "global",
server:dev:         "reason": "notFound"
server:dev:       }
server:dev:     ]
server:dev:   }
server:dev: }
server:dev: 
server:dev: 11:52:16 PM [tsx] change in ./src/routers/index.ts Restarting...
server:dev: 
server:dev: [server] Received SIGTERM — shutting down gracefully...
server:dev: c[dotenv@17.3.1] injecting env (58) from ../../.env -- tip: 🔐 prevent building .env in docker: https://dotenvx.com/prebuild
server:dev: [sentry] SENTRY_DSN not set — error reporting disabled
server:dev: Firebase Admin SDK initialized successfully
server:dev: Starting server on port 3000
server:dev: CORS origin: http://localhost:3001
server:dev: Environment: development
server:dev: Server listening on http://localhost:3000
server:dev: <-- POST /trpc/image.generate?batch=1
server:dev: [pricing] Heartbeat complete: 45 models checked, 0 price changes detected
server:dev: [pricing] Heartbeat started — checking every 12 hours
server:dev: [ByteDance] Generating image: model=seedream-5-0-260128
server:dev: 11:52:21 PM [tsx] change in ./src/routers/index.ts Restarting...
server:dev: 
server:dev: [server] Received SIGTERM — shutting down gracefully...
server:dev: c[dotenv@17.3.1] injecting env (58) from ../../.env -- tip: ⚙️  specify custom .env file path with { path: '/custom/path/.env' }
server:dev: [sentry] SENTRY_DSN not set — error reporting disabled
server:dev: Firebase Admin SDK initialized successfully
server:dev: Starting server on port 3000
server:dev: CORS origin: http://localhost:3001
server:dev: Environment: development
server:dev: Server listening on http://localhost:3000
server:dev: <-- POST /trpc/image.generate?batch=1
server:dev: [pricing] Heartbeat complete: 45 models checked, 0 price changes detected
server:dev: [pricing] Heartbeat started — checking every 12 hours
server:dev: [ByteDance] Generating image: model=seedream-5-0-260128
server:dev: [ByteDance] Image generated: 1 images
server:dev: [StorageManager] Initialized with providers (priority order): pinata, lighthouse, firebase
server:dev: [StorageManager] Currently available: pinata, lighthouse, firebase
server:dev: [persist] Uploading generation-9590dec4-8886-4bd2-bf4c-b827771423d7-0.png to permanent storage...
server:dev: --> POST /trpc/image.generate?batch=1 [32m200[0m 34s
server:dev: <-- POST /trpc/entities.create?batch=1
server:dev: --> POST /trpc/entities.create?batch=1 [32m200[0m 599ms
server:dev: <-- POST /trpc/threed.textTo3DPreview?batch=1
server:dev: [provenance] c2pa-node loaded successfully
server:dev: [provenance] C2PA_PRIVATE_KEY and/or C2PA_CERTIFICATE not set — signing disabled
server:dev: [StorageManager] Uploading to pinata…
server:dev: --> POST /trpc/threed.textTo3DPreview?batch=1 [32m200[0m 3s
server:dev: <-- POST /trpc/image.generate?batch=1
server:dev: [ByteDance] Generating image: model=seedream-5-0-260128
server:dev: <-- GET /health
server:dev: --> GET /health [32m200[0m 2ms
server:dev: [StorageManager] Retrying firebase background upload in 5000ms (attempt 1/2)
server:dev: [StorageManager] firebase background attempt 1 failed: {
server:dev:   "error": {
server:dev:     "code": 404,
server:dev:     "message": "The specified bucket does not exist.",
server:dev:     "errors": [
server:dev:       {
server:dev:         "message": "The specified bucket does not exist.",
server:dev:         "domain": "global",
server:dev:         "reason": "notFound"
server:dev:       }
server:dev:     ]
server:dev:   }
server:dev: }
server:dev: 
server:dev: [persist] generation-9590dec4-8886-4bd2-bf4c-b827771423d7-0.png saved permanently: https://peach-impressive-moth-978.mypinata.cloud/ipfs/QmSG3LcQPkrZFeb8nvnzHm6RDu75UmJymc2XaA94JrMsc6
server:dev: [StorageManager] Retrying firebase background upload in 15000ms (attempt 2/2)
server:dev: [StorageManager] firebase background attempt 2 failed: {
server:dev:   "error": {
server:dev:     "code": 404,
server:dev:     "message": "The specified bucket does not exist.",
server:dev:     "errors": [
server:dev:       {
server:dev:         "message": "The specified bucket does not exist.",
server:dev:         "domain": "global",
server:dev:         "reason": "notFound"
server:dev:       }
server:dev:     ]
server:dev:   }
server:dev: }
server:dev: 
server:dev: [StorageManager] lighthouse background attempt 1 failed: fetch failed
server:dev: [StorageManager] Retrying lighthouse background upload in 5000ms (attempt 1/2)
server:dev: [StorageManager] firebase background attempt 3 failed: {
server:dev:   "error": {
server:dev:     "code": 404,
server:dev:     "message": "The specified bucket does not exist.",
server:dev:     "errors": [
server:dev:       {
server:dev:         "message": "The specified bucket does not exist.",
server:dev:         "domain": "global",
server:dev:         "reason": "notFound"
server:dev:       }
server:dev:     ]
server:dev:   }
server:dev: }
server:dev: 
server:dev: [StorageManager] Background upload to firebase permanently failed: {
server:dev:   "error": {
server:dev:     "code": 404,
server:dev:     "message": "The specified bucket does not exist.",
server:dev:     "errors": [
server:dev:       {
server:dev:         "message": "The specified bucket does not exist.",
server:dev:         "domain": "global",
server:dev:         "reason": "notFound"
server:dev:       }
server:dev:     ]
server:dev:   }
server:dev: }
server:dev: 
server:dev: [StorageManager] Retrying lighthouse background upload in 15000ms (attempt 2/2)
server:dev: [StorageManager] lighthouse background attempt 2 failed: fetch failed
server:dev: [ByteDance] Image generated: 1 images
server:dev: [persist] Uploading generation-ca3afc5b-85b4-4a6b-95e1-ddaaacc7cc67-0.png to permanent storage...
server:dev: --> POST /trpc/image.generate?batch=1 [32m200[0m 44s
server:dev: <-- POST /trpc/entities.create?batch=1
server:dev: --> POST /trpc/entities.create?batch=1 [32m200[0m 430ms
server:dev: <-- POST /trpc/threed.textTo3DPreview?batch=1
server:dev: [StorageManager] Uploading to pinata…
server:dev: --> POST /trpc/threed.textTo3DPreview?batch=1 [32m200[0m 3s
server:dev: <-- POST /trpc/image.generate?batch=1
server:dev: [ByteDance] Generating image: model=seedream-5-0-260128
server:dev: [StorageManager] Retrying firebase background upload in 5000ms (attempt 1/2)
server:dev: [StorageManager] firebase background attempt 1 failed: {
server:dev:   "error": {
server:dev:     "code": 404,
server:dev:     "message": "The specified bucket does not exist.",
server:dev:     "errors": [
server:dev:       {
server:dev:         "message": "The specified bucket does not exist.",
server:dev:         "domain": "global",
server:dev:         "reason": "notFound"
server:dev:       }
server:dev:     ]
server:dev:   }
server:dev: }
server:dev: 
server:dev: [persist] generation-ca3afc5b-85b4-4a6b-95e1-ddaaacc7cc67-0.png saved permanently: https://peach-impressive-moth-978.mypinata.cloud/ipfs/QmVffMMfskmB4t3uvjuFwsWsWzsfTaMHJHZDWC8Gm6SM2D
server:dev: [StorageManager] lighthouse background attempt 3 failed: fetch failed
server:dev: [StorageManager] Background upload to lighthouse permanently failed: fetch failed
server:dev: [StorageManager] firebase background attempt 2 failed: {
server:dev:   "error": {
server:dev:     "code": 404,
server:dev:     "message": "The specified bucket does not exist.",
server:dev:     "errors": [
server:dev:       {
server:dev:         "message": "The specified bucket does not exist.",
server:dev:         "domain": "global",
server:dev:         "reason": "notFound"
server:dev:       }
server:dev:     ]
server:dev:   }
server:dev: }
server:dev: 
server:dev: [StorageManager] Retrying firebase background upload in 15000ms (attempt 2/2)
server:dev: [StorageManager] Retrying lighthouse background upload in 5000ms (attempt 1/2)
server:dev: [StorageManager] lighthouse background attempt 1 failed: fetch failed
server:dev: [StorageManager] firebase background attempt 3 failed: {
server:dev:   "error": {
server:dev:     "code": 404,
server:dev:     "message": "The specified bucket does not exist.",
server:dev:     "errors": [
server:dev:       {
server:dev:         "message": "The specified bucket does not exist.",
server:dev:         "domain": "global",
server:dev:         "reason": "notFound"
server:dev:       }
server:dev:     ]
server:dev:   }
server:dev: }
server:dev: 
server:dev: [StorageManager] Background upload to firebase permanently failed: {
server:dev:   "error": {
server:dev:     "code": 404,
server:dev:     "message": "The specified bucket does not exist.",
server:dev:     "errors": [
server:dev:       {
server:dev:         "message": "The specified bucket does not exist.",
server:dev:         "domain": "global",
server:dev:         "reason": "notFound"
server:dev:       }
server:dev:     ]
server:dev:   }
server:dev: }
server:dev: 
server:dev: [StorageManager] Retrying lighthouse background upload in 15000ms (attempt 2/2)
server:dev: [StorageManager] lighthouse background attempt 2 failed: fetch failed
server:dev: [ByteDance] Image generated: 1 images
server:dev: [persist] Uploading generation-3ac44de6-9b16-4e9b-b143-4f86634d1520-0.png to permanent storage...
server:dev: --> POST /trpc/image.generate?batch=1 [32m200[0m 33s
server:dev: <-- POST /trpc/entities.create?batch=1
server:dev: --> POST /trpc/entities.create?batch=1 [32m200[0m 409ms
server:dev: <-- POST /trpc/threed.textTo3DPreview?batch=1
server:dev: --> POST /trpc/threed.textTo3DPreview?batch=1 [32m200[0m 3s
server:dev: <-- POST /trpc/image.generate?batch=1
server:dev: [ByteDance] Generating image: model=seedream-5-0-260128
server:dev: [StorageManager] Uploading to pinata…
server:dev: [StorageManager] Retrying firebase background upload in 5000ms (attempt 1/2)
server:dev: [StorageManager] firebase background attempt 1 failed: {
server:dev:   "error": {
server:dev:     "code": 404,
server:dev:     "message": "The specified bucket does not exist.",
server:dev:     "errors": [
server:dev:       {
server:dev:         "message": "The specified bucket does not exist.",
server:dev:         "domain": "global",
server:dev:         "reason": "notFound"
server:dev:       }
server:dev:     ]
server:dev:   }
server:dev: }
server:dev: 
server:dev: [persist] generation-3ac44de6-9b16-4e9b-b143-4f86634d1520-0.png saved permanently: https://peach-impressive-moth-978.mypinata.cloud/ipfs/QmV9ZW7NfC7R4QHAzGjz2H7JXYsXY9beCfJ2bxkhqUtg7a
server:dev: [StorageManager] Retrying firebase background upload in 15000ms (attempt 2/2)
server:dev: [StorageManager] firebase background attempt 2 failed: {
server:dev:   "error": {
server:dev:     "code": 404,
server:dev:     "message": "The specified bucket does not exist.",
server:dev:     "errors": [
server:dev:       {
server:dev:         "message": "The specified bucket does not exist.",
server:dev:         "domain": "global",
server:dev:         "reason": "notFound"
server:dev:       }
server:dev:     ]
server:dev:   }
server:dev: }
server:dev: 
server:dev: [StorageManager] lighthouse background attempt 3 failed: fetch failed
server:dev: [StorageManager] Background upload to lighthouse permanently failed: fetch failed
server:dev: <-- GET /auth/nonce
server:dev: --> GET /auth/nonce [32m200[0m 130ms
server:dev: <-- POST /auth/verify
server:dev: --> POST /auth/verify [33m403[0m 0ms
server:dev: [StorageManager] firebase background attempt 3 failed: {
server:dev:   "error": {
server:dev:     "code": 404,
server:dev:     "message": "The specified bucket does not exist.",
server:dev:     "errors": [
server:dev:       {
server:dev:         "message": "The specified bucket does not exist.",
server:dev:         "domain": "global",
server:dev:         "reason": "notFound"
server:dev:       }
server:dev:     ]
server:dev:   }
server:dev: }
server:dev: 
server:dev: [StorageManager] Background upload to firebase permanently failed: {
server:dev:   "error": {
server:dev:     "code": 404,
server:dev:     "message": "The specified bucket does not exist.",
server:dev:     "errors": [
server:dev:       {
server:dev:         "message": "The specified bucket does not exist.",
server:dev:         "domain": "global",
server:dev:         "reason": "notFound"
server:dev:       }
server:dev:     ]
server:dev:   }
server:dev: }
server:dev: 
server:dev: [ByteDance] Image generated: 1 images
server:dev: [persist] Uploading generation-3b150bd6-4df1-4363-a782-46ffa661a128-0.png to permanent storage...
server:dev: --> POST /trpc/image.generate?batch=1 [32m200[0m 53s
server:dev: <-- POST /trpc/entities.create?batch=1
server:dev: --> POST /trpc/entities.create?batch=1 [32m200[0m 308ms
server:dev: <-- POST /trpc/threed.textTo3DPreview?batch=1
server:dev: --> POST /trpc/threed.textTo3DPreview?batch=1 [32m200[0m 3s
server:dev: <-- POST /trpc/image.generate?batch=1
server:dev: [ByteDance] Generating image: model=seedream-5-0-260128
server:dev: <-- GET /auth/nonce
server:dev: --> GET /auth/nonce [32m200[0m 100ms
server:dev: <-- POST /auth/verify
server:dev: [StorageManager] Uploading to pinata…
server:dev: --> POST /auth/verify [32m200[0m 237ms
server:dev: <-- POST /trpc/image.generate?batch=1
server:dev: [ByteDance] Generating image: model=seedream-5-0-260128
server:dev: [StorageManager] firebase background attempt 1 failed: {
server:dev:   "error": {
server:dev:     "code": 404,
server:dev:     "message": "The specified bucket does not exist.",
server:dev:     "errors": [
server:dev:       {
server:dev:         "message": "The specified bucket does not exist.",
server:dev:         "domain": "global",
server:dev:         "reason": "notFound"
server:dev:       }
server:dev:     ]
server:dev:   }
server:dev: }
server:dev: 
server:dev: [StorageManager] Retrying firebase background upload in 5000ms (attempt 1/2)
server:dev: [persist] generation-3b150bd6-4df1-4363-a782-46ffa661a128-0.png saved permanently: https://peach-impressive-moth-978.mypinata.cloud/ipfs/Qmb5Wd5dRVAmC5mDCAtrma7JrJtrXvVDx2UNhm1s9bLmfq
server:dev: [StorageManager] firebase background attempt 2 failed: {
server:dev:   "error": {
server:dev:     "code": 404,
server:dev:     "message": "The specified bucket does not exist.",
server:dev:     "errors": [
server:dev:       {
server:dev:         "message": "The specified bucket does not exist.",
server:dev:         "domain": "global",
server:dev:         "reason": "notFound"
server:dev:       }
server:dev:     ]
server:dev:   }
server:dev: }
server:dev: 
server:dev: [StorageManager] Retrying firebase background upload in 15000ms (attempt 2/2)
server:dev: [StorageManager] firebase background attempt 3 failed: {
server:dev:   "error": {
server:dev:     "code": 404,
server:dev:     "message": "The specified bucket does not exist.",
server:dev:     "errors": [
server:dev:       {
server:dev:         "message": "The specified bucket does not exist.",
server:dev:         "domain": "global",
server:dev:         "reason": "notFound"
server:dev:       }
server:dev:     ]
server:dev:   }
server:dev: }
server:dev: 
server:dev: [StorageManager] Background upload to firebase permanently failed: {
server:dev:   "error": {
server:dev:     "code": 404,
server:dev:     "message": "The specified bucket does not exist.",
server:dev:     "errors": [
server:dev:       {
server:dev:         "message": "The specified bucket does not exist.",
server:dev:         "domain": "global",
server:dev:         "reason": "notFound"
server:dev:       }
server:dev:     ]
server:dev:   }
server:dev: }
server:dev: 
server:dev: [ByteDance] Image generated: 1 images
server:dev: [persist] Uploading generation-2438fefe-08b1-41fa-b56e-c389da3cc7f0-0.png to permanent storage...
server:dev: --> POST /trpc/image.generate?batch=1 [32m200[0m 36s
server:dev: <-- POST /trpc/entities.create?batch=1
server:dev: --> POST /trpc/entities.create?batch=1 [32m200[0m 256ms
server:dev: <-- POST /trpc/threed.textTo3DPreview?batch=1
server:dev: [StorageManager] Uploading to pinata…
server:dev: --> POST /trpc/threed.textTo3DPreview?batch=1 [32m200[0m 2s
server:dev: <-- POST /trpc/image.generate?batch=1
server:dev: [ByteDance] Generating image: model=seedream-5-0-260128
server:dev: [ByteDance] Image generated: 1 images
server:dev: [persist] Uploading generation-ec16c669-8777-4e45-840a-a2b6603da42d-0.png to permanent storage...
server:dev: --> POST /trpc/image.generate?batch=1 [32m200[0m 40s
server:dev: [StorageManager] Retrying firebase background upload in 5000ms (attempt 1/2)
server:dev: [StorageManager] firebase background attempt 1 failed: {
server:dev:   "error": {
server:dev:     "code": 404,
server:dev:     "message": "The specified bucket does not exist.",
server:dev:     "errors": [
server:dev:       {
server:dev:         "message": "The specified bucket does not exist.",
server:dev:         "domain": "global",
server:dev:         "reason": "notFound"
server:dev:       }
server:dev:     ]
server:dev:   }
server:dev: }
server:dev: 
server:dev: [persist] generation-2438fefe-08b1-41fa-b56e-c389da3cc7f0-0.png saved permanently: https://peach-impressive-moth-978.mypinata.cloud/ipfs/QmQWvC4WskJA1cXsgsf8MQ7uPUPKy1s4JRCbCyHsWGYnME
server:dev: [StorageManager] Uploading to pinata…
server:dev: [StorageManager] firebase background attempt 1 failed: {
server:dev:   "error": {
server:dev:     "code": 404,
server:dev:     "message": "The specified bucket does not exist.",
server:dev:     "errors": [
server:dev:       {
server:dev:         "message": "The specified bucket does not exist.",
server:dev:         "domain": "global",
server:dev:         "reason": "notFound"
server:dev:       }
server:dev:     ]
server:dev:   }
server:dev: }
server:dev: 
server:dev: [StorageManager] Retrying firebase background upload in 5000ms (attempt 1/2)
server:dev: [persist] generation-ec16c669-8777-4e45-840a-a2b6603da42d-0.png saved permanently: https://peach-impressive-moth-978.mypinata.cloud/ipfs/QmSw3Fv36yodwYNeDXr4ZumRDdppbPouqhQTBvE5ZZShRN
server:dev: [StorageManager] firebase background attempt 2 failed: {
server:dev:   "error": {
server:dev:     "code": 404,
server:dev:     "message": "The specified bucket does not exist.",
server:dev:     "errors": [
server:dev:       {
server:dev:         "message": "The specified bucket does not exist.",
server:dev:         "domain": "global",
server:dev:         "reason": "notFound"
server:dev:       }
server:dev:     ]
server:dev:   }
server:dev: }
server:dev: 
server:dev: [StorageManager] Retrying firebase background upload in 15000ms (attempt 2/2)
server:dev: [StorageManager] Retrying firebase background upload in 15000ms (attempt 2/2)
server:dev: [StorageManager] firebase background attempt 2 failed: {
server:dev:   "error": {
server:dev:     "code": 404,
server:dev:     "message": "The specified bucket does not exist.",
server:dev:     "errors": [
server:dev:       {
server:dev:         "message": "The specified bucket does not exist.",
server:dev:         "domain": "global",
server:dev:         "reason": "notFound"
server:dev:       }
server:dev:     ]
server:dev:   }
server:dev: }
server:dev: 
server:dev: [StorageManager] Retrying lighthouse background upload in 5000ms (attempt 1/2)
server:dev: [StorageManager] lighthouse background attempt 1 failed: fetch failed
server:dev: [StorageManager] Retrying lighthouse background upload in 5000ms (attempt 1/2)
server:dev: [StorageManager] lighthouse background attempt 1 failed: fetch failed
server:dev: 11:56:25 PM [tsx] change in ./src/routers/generation/character-pipeline.routes.ts Restarting...
server:dev: 
server:dev: [server] Received SIGTERM — shutting down gracefully...
server:dev: c[dotenv@17.3.1] injecting env (58) from ../../.env -- tip: ⚙️  enable debug logging with { debug: true }
server:dev: [sentry] SENTRY_DSN not set — error reporting disabled
server:dev: Firebase Admin SDK initialized successfully
server:dev: Starting server on port 3000
server:dev: CORS origin: http://localhost:3001
server:dev: Environment: development
server:dev: Server listening on http://localhost:3000
server:dev: <-- POST /trpc/image.generate?batch=1
server:dev: [pricing] Heartbeat complete: 45 models checked, 0 price changes detected
server:dev: [pricing] Heartbeat started — checking every 12 hours
server:dev: [ByteDance] Generating image: model=seedream-5-0-260128
server:dev: 11:56:35 PM [tsx] change in ./src/routers/generation/character-pipeline.routes.ts Restarting...
server:dev: 
server:dev: [server] Received SIGTERM — shutting down gracefully...
server:dev: c[dotenv@17.3.1] injecting env (58) from ../../.env -- tip: ⚙️  override existing env vars with { override: true }
server:dev: [sentry] SENTRY_DSN not set — error reporting disabled
server:dev: Firebase Admin SDK initialized successfully
server:dev: Starting server on port 3000
server:dev: CORS origin: http://localhost:3001
server:dev: Environment: development
server:dev: Server listening on http://localhost:3000
server:dev: [pricing] Heartbeat complete: 45 models checked, 0 price changes detected
server:dev: [pricing] Heartbeat started — checking every 12 hours
server:dev: <-- GET /auth/nonce
server:dev: --> GET /auth/nonce [32m200[0m 149ms
server:dev: <-- POST /auth/verify
server:dev: --> POST /auth/verify [33m403[0m 1ms
server:dev: <-- POST /trpc/image.generate?batch=1
server:dev: [ByteDance] Generating image: model=seedream-5-0-260128
server:dev: <-- GET /health
server:dev: --> GET /health [32m200[0m 2ms
server:dev: <-- GET /health
server:dev: --> GET /health [32m200[0m 1ms
server:dev: [ByteDance] Image generated: 1 images
server:dev: [StorageManager] Initialized with providers (priority order): pinata, lighthouse, firebase
server:dev: [StorageManager] Currently available: pinata, lighthouse, firebase
server:dev: [persist] Uploading generation-ca09e92e-a22e-4fa6-af7d-53efb0a6ae35-0.png to permanent storage...
server:dev: --> POST /trpc/image.generate?batch=1 [32m200[0m 35s
server:dev: <-- POST /trpc/entities.create?batch=1
server:dev: --> POST /trpc/entities.create?batch=1 [32m200[0m 458ms
server:dev: <-- POST /trpc/threed.textTo3DPreview?batch=1
server:dev: [provenance] c2pa-node loaded successfully
server:dev: [provenance] C2PA_PRIVATE_KEY and/or C2PA_CERTIFICATE not set — signing disabled
server:dev: [StorageManager] Uploading to pinata…
server:dev: --> POST /trpc/threed.textTo3DPreview?batch=1 [32m200[0m 3s
server:dev: <-- POST /trpc/image.generate?batch=1
server:dev: [ByteDance] Generating image: model=seedream-5-0-260128
server:dev: [StorageManager] firebase background attempt 1 failed: {
server:dev:   "error": {
server:dev:     "code": 404,
server:dev:     "message": "The specified bucket does not exist.",
server:dev:     "errors": [
server:dev:       {
server:dev:         "message": "The specified bucket does not exist.",
server:dev:         "domain": "global",
server:dev:         "reason": "notFound"
server:dev:       }
server:dev:     ]
server:dev:   }
server:dev: }
server:dev: 
server:dev: [StorageManager] Retrying firebase background upload in 5000ms (attempt 1/2)
server:dev: [persist] generation-ca09e92e-a22e-4fa6-af7d-53efb0a6ae35-0.png saved permanently: https://peach-impressive-moth-978.mypinata.cloud/ipfs/QmbJLadjKtaVrDXKykrvLPC3nPv6mQ5Crvatb1SxpHq871
server:dev: [StorageManager] firebase background attempt 2 failed: {
server:dev: [StorageManager] Retrying firebase background upload in 15000ms (attempt 2/2)
server:dev:   "error": {
server:dev:     "code": 404,
server:dev:     "message": "The specified bucket does not exist.",
server:dev:     "errors": [
server:dev:       {
server:dev:         "message": "The specified bucket does not exist.",
server:dev:         "domain": "global",
server:dev:         "reason": "notFound"
server:dev:       }
server:dev:     ]
server:dev:   }
server:dev: }
server:dev: 
server:dev: [StorageManager] lighthouse background attempt 1 failed: fetch failed
server:dev: [StorageManager] Retrying lighthouse background upload in 5000ms (attempt 1/2)
server:dev: [StorageManager] firebase background attempt 3 failed: {
server:dev:   "error": {
server:dev:     "code": 404,
server:dev:     "message": "The specified bucket does not exist.",
server:dev:     "errors": [
server:dev:       {
server:dev:         "message": "The specified bucket does not exist.",
server:dev:         "domain": "global",
server:dev:         "reason": "notFound"
server:dev:       }
server:dev:     ]
server:dev:   }
server:dev: }
server:dev: 
server:dev: [StorageManager] Background upload to firebase permanently failed: {
server:dev:   "error": {
server:dev:     "code": 404,
server:dev:     "message": "The specified bucket does not exist.",
server:dev:     "errors": [
server:dev:       {
server:dev:         "message": "The specified bucket does not exist.",
server:dev:         "domain": "global",
server:dev:         "reason": "notFound"
server:dev:       }
server:dev:     ]
server:dev:   }
server:dev: }
server:dev: 
server:dev: [StorageManager] lighthouse background attempt 2 failed: fetch failed
server:dev: [StorageManager] Retrying lighthouse background upload in 15000ms (attempt 2/2)
server:dev: 11:57:50 PM [tsx] change in ./src/routers/entities/entities.routes.ts Restarting...
server:dev: 
server:dev: [server] Received SIGTERM — shutting down gracefully...
server:dev: c[dotenv@17.3.1] injecting env (58) from ../../.env -- tip: ⚡️ secrets for agents: https://dotenvx.com/as2
server:dev: [sentry] SENTRY_DSN not set — error reporting disabled
server:dev: Firebase Admin SDK initialized successfully
server:dev: node:internal/fs/watchers:247
server:dev:     const error = new UVException({
server:dev:                   ^
server:dev: 
server:dev: Error: ENOSPC: System limit for number of file watchers reached, watch '/home/god/Desktop/LOAR/loar/apps/server/src/services/entity-cover-image.ts'
server:dev:     at FSWatcher.<computed> (node:internal/fs/watchers:247:19)
server:dev:     at Object.watch (node:fs:2503:36)
server:dev:     at createFsWatchInstance (file:///home/god/Desktop/LOAR/loar/node_modules/.pnpm/tsx@4.21.0/node_modules/tsx/dist/cli.mjs:53:7811)
server:dev:     at setFsWatchListener (file:///home/god/Desktop/LOAR/loar/node_modules/.pnpm/tsx@4.21.0/node_modules/tsx/dist/cli.mjs:53:8144)
server:dev:     at ca._watchWithNodeFs (file:///home/god/Desktop/LOAR/loar/node_modules/.pnpm/tsx@4.21.0/node_modules/tsx/dist/cli.mjs:53:9639)
server:dev:     at ca._handleFile (file:///home/god/Desktop/LOAR/loar/node_modules/.pnpm/tsx@4.21.0/node_modules/tsx/dist/cli.mjs:53:10327)
server:dev:     at ca._addToNodeFs (file:///home/god/Desktop/LOAR/loar/node_modules/.pnpm/tsx@4.21.0/node_modules/tsx/dist/cli.mjs:53:13460)
server:dev:     at async file:///home/god/Desktop/LOAR/loar/node_modules/.pnpm/tsx@4.21.0/node_modules/tsx/dist/cli.mjs:53:25103
server:dev:     at async Promise.all (index 0)
server:dev: Emitted 'error' event on FSWatcher instance at:
server:dev:     at pl._handleError (file:///home/god/Desktop/LOAR/loar/node_modules/.pnpm/tsx@4.21.0/node_modules/tsx/dist/cli.mjs:53:27555)
server:dev:     at ca._addToNodeFs (file:///home/god/Desktop/LOAR/loar/node_modules/.pnpm/tsx@4.21.0/node_modules/tsx/dist/cli.mjs:53:13553)
server:dev:     at async file:///home/god/Desktop/LOAR/loar/node_modules/.pnpm/tsx@4.21.0/node_modules/tsx/dist/cli.mjs:53:25103
server:dev:     at async Promise.all (index 0) {
server:dev:   errno: -28,
server:dev:   syscall: 'watch',
server:dev:   code: 'ENOSPC',
server:dev:   path: '/home/god/Desktop/LOAR/loar/apps/server/src/services/entity-cover-image.ts',
server:dev:   filename: '/home/god/Desktop/LOAR/loar/apps/server/src/services/entity-cover-image.ts'
server:dev: }
server:dev: 
server:dev: Node.js v20.20.1
server:dev:  ELIFECYCLE  Command failed with exit code 1.
 ERROR  server#dev: command (/home/god/Desktop/LOAR/loar/apps/server) /home/god/.local/share/pnpm/.tools/pnpm/9.15.0/bin/pnpm run dev exited (1)

 Tasks:    0 successful, 1 total
Cached:    0 cached, 1 total
  Time:    45m29.252s 
Failed:    server#dev

 ERROR  run failed: command  exited (1)
 ELIFECYCLE  Command failed with exit code 1.
