
════════════════════════════════════════════════════════════
  VACATION BUNNY — Pilot: "Butterfly Days in Cannes"
  Dialogue-free Pixar-style kids' show
  Story by YOONJEONG HAN
  Seedance 2.0 → On-chain | Mode: FAST
════════════════════════════════════════════════════════════
[AUTH] Authenticating...
[AUTH] Authenticated as 0x116C28e6DCABCa363f83217C712d79DCE168d90e
[SETUP] Balance: 0.8820 ETH
[SETUP] Latest node: #0
[MODE] FAST — parallel t2v batches of 3

═══════════════════════════════════════════════════════
  BATCH: S01–S03 (3 parallel)
═══════════════════════════════════════════════════════
[S01 (1/56)] Generating (t2v)...
[S02 (2/56)] Generating (t2v)...
[S03 (3/56)] Generating (t2v)...
[S03 (3/56)] Task: cgt-20260418151109-z7684
[S02 (2/56)] Task: cgt-20260418151109-l67mb
[S01 (1/56)] Task: cgt-20260418151109-5vtxp
[S03 (3/56)] Generating... (0s)
[S02 (2/56)] Generating... (0s)
[S01 (1/56)] Generating... (0s)
[S03 (3/56)] Generating... (30s)
[S01 (1/56)] Generating... (30s)
[S02 (2/56)] Generating... (30s)
[S03 (3/56)] Generating... (60s)
[S01 (1/56)] Generating... (60s)
[S02 (2/56)] Generating... (60s)
[S03 (3/56)] Generating... (90s)
[S01 (1/56)] Generating... (90s)
[S02 (2/56)] Generating... (90s)
[S02 (2/56)] Video done
[S03 (3/56)] Generating... (120s)
[S01 (1/56)] Generating... (120s)
[S03 (3/56)] Video done
[S01 (1/56)] Video done
[S01 (1/56)] Node #1
[S01 (1/56)] DONE — Node #1
[S02 (2/56)] Node #2
[S02 (2/56)] DONE — Node #2
[S03 (3/56)] Node #3
[S03 (3/56)] DONE — Node #3
[S03 FRAME] Extracted frame (54KB)
[BATCH] Completed S01–S03

═══════════════════════════════════════════════════════
  BATCH: S04–S06 (3 parallel)
═══════════════════════════════════════════════════════
[S04 (4/56)] Generating (i2v continuity)...
[S05 (5/56)] Generating (t2v)...
[S06 (6/56)] Generating (t2v)...
[S06 (6/56)] Task: cgt-20260418151520-dddx5
[S05 (5/56)] Task: cgt-20260418151520-6dprm
[S04 (4/56)] Task: cgt-20260418151520-wkqk2
[S06 (6/56)] Generating... (0s)
[S05 (5/56)] Generating... (0s)
[S04 (4/56)] Generating... (0s)
