
════════════════════════════════════════════════════════════
  VOIDBORN SAGA — Pilot: "Crash Landing"
  35 Scenes × 10s = ~6 min core footage
  Seedance 2.0 → On-chain | Mode: FAST
════════════════════════════════════════════════════════════
[AUTH] Authenticating...
[AUTH] Authenticated as 0x116C28e6DCABCa363f83217C712d79DCE168d90e
[WIKI] Fetching ALL entity data from wiki for visual consistency...
[WIKI] Loaded 0 entities for visual consistency
[SETUP] Balance: 0.8820 ETH
[SETUP] Latest node: #0
[MODE] FAST — parallel t2v batches of 3 (faster, less cohesive)

═══════════════════════════════════════════════════════
  BATCH: S01–S03 (3 scenes parallel)
═══════════════════════════════════════════════════════
[S01 (1/35)] Generating video (t2v)...
[S02 (2/35)] Generating video (t2v)...
[S03 (3/35)] Generating video (t2v)...
[S01 (1/35)] Task: cgt-20260418152949-z9bcd
[S02 (2/35)] Task: cgt-20260418152949-kgs92
[S03 (3/35)] Task: cgt-20260418152949-8gn7v
[S02 (2/35)] Generating... (0s)
[S01 (1/35)] Generating... (0s)
[S03 (3/35)] Generating... (0s)
[S01 (1/35)] Generating... (30s)
[S02 (2/35)] Generating... (30s)
[S03 (3/35)] Generating... (30s)
[S02 (2/35)] Generating... (60s)
[S03 (3/35)] Generating... (60s)
[S01 (1/35)] Generating... (60s)
[S02 (2/35)] Generating... (90s)
[S01 (1/35)] Generating... (90s)
[S03 (3/35)] Generating... (90s)
[S02 (2/35)] Video done
[S01 (1/35)] Generating... (120s)
[S03 (3/35)] Generating... (120s)
[S03 (3/35)] Video done
[S01 (1/35)] Video done
[S01 (1/35)] Rehosting to Pinata...
[S01 (1/35)] Pinned: QmX6XC4EdZ4jg2HJrHksJdCMLSc2UfLEQVrs35WAHrn2Sf (6.8MB)
[S01 (1/35)] Node #1 confirmed
[S01 (1/35)] DONE — Node #1
[S02 (2/35)] Rehosting to Pinata...
[S02 (2/35)] Pinned: QmaJ5X11K4hwoFUtYKnQkG8fukgNu4bYZtBpJmt8v5ykRs (4.9MB)
[S02 (2/35)] Node #2 confirmed
[S02 (2/35)] DONE — Node #2
[S03 (3/35)] Rehosting to Pinata...
[S03 (3/35)] Pinned: QmeD25RgZBAs9stLJszCneJfWa3JNenDuhYcYqNPeu6Ejw (5.3MB)
[S03 (3/35)] Node #3 confirmed
[S03 (3/35)] DONE — Node #3
[S03 FRAME] Frame extraction failed: Command failed: ffmpeg -y -sseof -0.1 -i "/tmp/void-vid-1776497788299.mp4" -frames:v 1 -q:v 2 "/tmp/
[BATCH] Completed S01–S03

═══════════════════════════════════════════════════════
  BATCH: S04–S06 (3 scenes parallel)
═══════════════════════════════════════════════════════
[S04 (4/35)] Generating video (t2v)...
[S05 (5/35)] Generating video (t2v)...
[S06 (6/35)] Generating video (t2v)...
[S04 (4/35)] Task: cgt-20260418153632-ct6fs
[S06 (6/35)] Task: cgt-20260418153632-5ptds
[S05 (5/35)] Task: cgt-20260418153632-4lpsh
[S06 (6/35)] Generating... (0s)
[S04 (4/35)] Generating... (0s)
[S05 (5/35)] Generating... (0s)
[S06 (6/35)] Generating... (30s)
[S05 (5/35)] Generating... (30s)
[S04 (4/35)] Generating... (30s)
[S05 (5/35)] Generating... (60s)
[S06 (6/35)] Generating... (60s)
[S04 (4/35)] Generating... (60s)
[S05 (5/35)] Generating... (90s)
[S06 (6/35)] Generating... (90s)
[S04 (4/35)] Generating... (90s)
[S04 (4/35)] Video done
[S05 (5/35)] Video done
[S06 (6/35)] Video done
[S04 (4/35)] Rehosting to Pinata...
[S04 (4/35)] Pinned: QmQ6VFEa9XXfLramSrTzDjrYysvurYC8Qc579zqwGnf6Xn (5.0MB)
[S04 (4/35)] Node #4 confirmed
[S04 (4/35)] DONE — Node #4
[S05 (5/35)] Rehosting to Pinata...
[S05 (5/35)] Pinned: QmRYPxCAkN2CaKzw3Rby5XX2QGuUH38hhtoddzuVqsN41P (6.4MB)
[S05 (5/35)] Node #5 confirmed
[S05 (5/35)] DONE — Node #5
[S06 (6/35)] Rehosting to Pinata...
[S06 (6/35)] Pinned: QmZx5gxnVE8ie6cb8ABC2BcuWToXHmNPeS7mFe95cdCYV7 (4.0MB)
[S06 (6/35)] Node #6 confirmed
[S06 (6/35)] DONE — Node #6
[S06 FRAME] Frame extraction failed: Command failed: ffmpeg -y -sseof -0.1 -i "/tmp/void-vid-1776498209018.mp4" -frames:v 1 -q:v 2 "/tmp/
[BATCH] Completed S04–S06

═══════════════════════════════════════════════════════
  BATCH: S07–S09 (3 scenes parallel)
═══════════════════════════════════════════════════════
[S07 (7/35)] Generating video (t2v)...
[S08 (8/35)] Generating video (t2v)...
[S09 (9/35)] Generating video (t2v)...
[S07 (7/35)] Task: cgt-20260418154332-snmtn
[S08 (8/35)] Task: cgt-20260418154332-wz666
[S09 (9/35)] Task: cgt-20260418154332-nmw69
[S07 (7/35)] Generating... (0s)
[S09 (9/35)] Generating... (0s)
[S08 (8/35)] Generating... (0s)
[S08 (8/35)] Generating... (30s)
[S09 (9/35)] Generating... (30s)
[S07 (7/35)] Generating... (30s)
[S08 (8/35)] Generating... (60s)
[S09 (9/35)] Generating... (60s)
[S07 (7/35)] Generating... (60s)
[S08 (8/35)] Generating... (90s)
[S09 (9/35)] Generating... (90s)
[S07 (7/35)] Generating... (90s)
[S08 (8/35)] Copyright filter triggered (attempt 1)
[S07 (7/35)] Generating... (120s)
[S09 (9/35)] Generating... (120s)
[S08 (8/35)] Retry 1/2 (sanitized prompt)...
[S08 (8/35)] Task: cgt-20260418154551-jfvmj
[S08 (8/35)] Generating... (0s)
[S07 (7/35)] Video done
[S09 (9/35)] Generating... (150s)
[S09 (9/35)] Video done
[S08 (8/35)] Generating... (30s)
[S08 (8/35)] Generating... (60s)
[S08 (8/35)] Generating... (90s)
[S08 (8/35)] Generating... (120s)
[S08 (8/35)] Video done
[S07 (7/35)] Rehosting to Pinata...
[S07 (7/35)] Pinned: Qmc6vn14ZxnpbTrD3Mo5Kvg69NqHmFZemUCy92yCR8DVfa (4.3MB)
[S07 (7/35)] Node #7 confirmed
[S07 (7/35)] DONE — Node #7
[S08 (8/35)] Rehosting to Pinata...
[S08 (8/35)] Pinned: Qma8p8bMReGU7NdrftQ6eP1yQPEh3zQ1f3pviHhrsXv94v (3.0MB)
[S08 (8/35)] Node #8 confirmed
[S08 (8/35)] DONE — Node #8
[S09 (9/35)] Rehosting to Pinata...
[S09 (9/35)] Pinned: QmXLH3mYYfkdg7BZ8HJuYBZhRgXFBdVTadbUwaTV5ukAFL (5.3MB)
[S09 (9/35)] Node #9 confirmed
[S09 (9/35)] DONE — Node #9
[S09 FRAME] Frame extraction failed: Command failed: ffmpeg -y -sseof -0.1 -i "/tmp/void-vid-1776498674697.mp4" -frames:v 1 -q:v 2 "/tmp/
[BATCH] Completed S07–S09

═══════════════════════════════════════════════════════
  BATCH: S10–S12 (3 scenes parallel)
═══════════════════════════════════════════════════════
[S10 (10/35)] Generating video (t2v)...
[S11 (11/35)] Generating video (t2v)...
[S12 (12/35)] Generating video (t2v)...
[S10 (10/35)] Task: cgt-20260418155119-rjggc
[S11 (11/35)] Task: cgt-20260418155119-5w9pd
[S12 (12/35)] Task: cgt-20260418155119-9hzhv
[S10 (10/35)] Generating... (0s)
[S11 (11/35)] Generating... (0s)
[S12 (12/35)] Generating... (0s)
[S10 (10/35)] Generating... (30s)
[S12 (12/35)] Generating... (30s)
[S11 (11/35)] Generating... (30s)
[S10 (10/35)] Generating... (60s)
[S11 (11/35)] Generating... (60s)
[S12 (12/35)] Generating... (60s)
[S10 (10/35)] Generating... (90s)
[S11 (11/35)] Generating... (90s)
[S12 (12/35)] Generating... (90s)
[S10 (10/35)] Video done
[S11 (11/35)] Generating... (120s)
[S12 (12/35)] Generating... (120s)
[S12 (12/35)] Video done
[S11 (11/35)] Video done
[S10 (10/35)] Rehosting to Pinata...
[S10 (10/35)] Pinned: QmTgRQB2Zq2StftuxuhJS64Ez1aAiQUnhXvwjTwQxxm1F2 (3.2MB)
[S10 (10/35)] Node #10 confirmed
[S10 (10/35)] DONE — Node #10
[S11 (11/35)] Rehosting to Pinata...
[S11 (11/35)] Pinned: QmWe3ySPcikzdcm663HGtso9vNKP8rsgHyZfmfnVYFJa4T (4.3MB)
[S11 (11/35)] Node #11 confirmed
[S11 (11/35)] DONE — Node #11
[S12 (12/35)] Rehosting to Pinata...
[S12 (12/35)] Pinned: QmWDqMtbsg6B1dKrDubCCH3cD7bQs4NP1644nKnALgF953 (3.0MB)
[S12 (12/35)] Node #12 confirmed
[S12 (12/35)] DONE — Node #12
[S12 FRAME] Frame extraction failed: Command failed: ffmpeg -y -sseof -0.1 -i "/tmp/void-vid-1776498975655.mp4" -frames:v 1 -q:v 2 "/tmp/
[BATCH] Completed S10–S12

═══════════════════════════════════════════════════════
  BATCH: S13–S15 (3 scenes parallel)
═══════════════════════════════════════════════════════
[S13 (13/35)] Generating video (t2v)...
[S14 (14/35)] Generating video (t2v)...
[S15 (15/35)] Generating video (t2v)...
[S14 (14/35)] Task: cgt-20260418155620-htsjk
[S15 (15/35)] Task: cgt-20260418155620-c46kv
[S13 (13/35)] Task: cgt-20260418155620-rnj7r
[S14 (14/35)] Generating... (0s)
[S15 (15/35)] Generating... (0s)
[S13 (13/35)] Generating... (0s)
[S14 (14/35)] Generating... (30s)
[S13 (13/35)] Generating... (30s)
[S15 (15/35)] Generating... (30s)
[S14 (14/35)] Generating... (60s)
[S13 (13/35)] Generating... (60s)
[S15 (15/35)] Generating... (60s)
[S14 (14/35)] Generating... (90s)
[S13 (13/35)] Generating... (90s)
[S15 (15/35)] Generating... (90s)
[S14 (14/35)] Video done
[S15 (15/35)] Video done
[S13 (13/35)] Generating... (120s)
[S13 (13/35)] Video done
[S13 (13/35)] Rehosting to Pinata...
[S13 (13/35)] Pinned: QmZ6u3EaFgkzTQHURkMEewmACBRUjPuP3BCF7GtFCAKUdk (3.1MB)
[S13 (13/35)] Node #13 confirmed
[S13 (13/35)] DONE — Node #13
[S14 (14/35)] Rehosting to Pinata...
[S14 (14/35)] Pinned: QmenypovDUUxvpWrqX7kwSTGSsK6GyRdmLHSk2Uq5ivpAi (5.3MB)
[S14 (14/35)] Node #14 confirmed
[S14 (14/35)] DONE — Node #14
[S15 (15/35)] Rehosting to Pinata...
[S15 (15/35)] Pinned: QmSXe7Xo9SLS7e8RvAWfiPDBuKqg4nzF1M8unedxNRUcTN (2.5MB)
[S15 (15/35)] Node #15 confirmed
[S15 (15/35)] DONE — Node #15
[S15 FRAME] Frame extraction failed: Command failed: ffmpeg -y -sseof -0.1 -i "/tmp/void-vid-1776499310718.mp4" -frames:v 1 -q:v 2 "/tmp/
[BATCH] Completed S13–S15

═══════════════════════════════════════════════════════
  BATCH: S16–S18 (3 scenes parallel)
═══════════════════════════════════════════════════════
[S16 (16/35)] Generating video (t2v)...
[S17 (17/35)] Generating video (t2v)...
[S18 (18/35)] Generating video (t2v)...
[S17 (17/35)] Task: cgt-20260418160154-t889d
[S18 (18/35)] Task: cgt-20260418160154-4vwdh
[S16 (16/35)] Task: cgt-20260418160154-wzcdh
[S17 (17/35)] Generating... (0s)
[S18 (18/35)] Generating... (0s)
[S16 (16/35)] Generating... (0s)
[S18 (18/35)] Generating... (30s)
[S17 (17/35)] Generating... (30s)
[S16 (16/35)] Generating... (30s)
[S16 (16/35)] Generating... (60s)
[S18 (18/35)] Generating... (60s)
[S17 (17/35)] Generating... (60s)
[S16 (16/35)] Generating... (90s)
[S18 (18/35)] Generating... (90s)
[S17 (17/35)] Generating... (90s)
[S16 (16/35)] Video done
[S18 (18/35)] Generating... (120s)
[S17 (17/35)] Generating... (120s)
[S18 (18/35)] Copyright filter triggered (attempt 1)
[S18 (18/35)] Retry 1/2 (sanitized prompt)...
[S18 (18/35)] Task: cgt-20260418160423-nkflf
[S18 (18/35)] Generating... (0s)
[S17 (17/35)] Generating... (150s)
[S18 (18/35)] Generating... (30s)
[S17 (17/35)] Video done
[S18 (18/35)] Generating... (60s)
[S18 (18/35)] Generating... (90s)
[S18 (18/35)] Generating... (120s)
[S18 (18/35)] Video done
[S16 (16/35)] Rehosting to Pinata...
[S16 (16/35)] Pinned: QmRCovwmgjr8GMW6vK6rDKHYD9p73R6cX49nWANJ6pJqB2 (3.9MB)
[S16 (16/35)] Node #16 confirmed
[S16 (16/35)] DONE — Node #16
[S17 (17/35)] Rehosting to Pinata...
[S17 (17/35)] Pinned: Qmd5r7nB9Db36S42GjFtKzHdSkqiShdqFE3MiBgoX3qgxB (2.1MB)
[S17 (17/35)] Node #17 confirmed
[S17 (17/35)] DONE — Node #17
[S18 (18/35)] Rehosting to Pinata...
[S18 (18/35)] Pinned: QmRMsYxtLqzv1AZCUb1jU432HGoH6J8xfP7tTYj1SSBqtL (2.4MB)
[S18 (18/35)] Node #18 confirmed
[S18 (18/35)] DONE — Node #18
[S18 FRAME] Frame extraction failed: Command failed: ffmpeg -y -sseof -0.1 -i "/tmp/void-vid-1776499767637.mp4" -frames:v 1 -q:v 2 "/tmp/
[BATCH] Completed S16–S18

═══════════════════════════════════════════════════════
  BATCH: S19–S21 (3 scenes parallel)
═══════════════════════════════════════════════════════
[S19 (19/35)] Generating video (t2v)...
[S20 (20/35)] Generating video (t2v)...
[S21 (21/35)] Generating video (t2v)...
[S21 (21/35)] Task: cgt-20260418160931-76z7k
[S20 (20/35)] Task: cgt-20260418160931-s7jsf
[S19 (19/35)] Task: cgt-20260418160931-h59kx
[S21 (21/35)] Generating... (0s)
[S20 (20/35)] Generating... (0s)
[S19 (19/35)] Generating... (0s)
[S21 (21/35)] Generating... (30s)
[S20 (20/35)] Generating... (30s)
[S19 (19/35)] Generating... (30s)
[S20 (20/35)] Generating... (60s)
[S21 (21/35)] Generating... (60s)
[S19 (19/35)] Generating... (60s)
[S20 (20/35)] Generating... (90s)
[S19 (19/35)] Generating... (90s)
[S21 (21/35)] Generating... (90s)
[S19 (19/35)] Video done
[S20 (20/35)] Generating... (120s)
[S21 (21/35)] Generating... (120s)
[S20 (20/35)] Generating... (150s)
[S21 (21/35)] Generating... (150s)
[S20 (20/35)] Video done
[S21 (21/35)] Video done
[S19 (19/35)] Rehosting to Pinata...
[S19 (19/35)] Pinned: QmZMg1gGk7EPBXhxbbdfTN9oGcQMmyZFhfihgYcss7uQpv (3.1MB)
[S19 (19/35)] Node #19 confirmed
[S19 (19/35)] DONE — Node #19
[S20 (20/35)] Rehosting to Pinata...
[S20 (20/35)] Pinned: QmSURVD5uaZgyfjZbHUwWMYLVwp8jjbhNMeDuVGirPzgfu (5.9MB)
[S20 (20/35)] Node #20 confirmed
[S20 (20/35)] DONE — Node #20
[S21 (21/35)] Rehosting to Pinata...
[S21 (21/35)] Pinned: QmYTbzyGziZ9bTzZjHojF9ieDtF5SfF2xTVdJcEoGgyVuE (4.9MB)
[S21 (21/35)] Node #21 confirmed
[S21 (21/35)] DONE — Node #21
[S21 FRAME] Frame extraction failed: Command failed: ffmpeg -y -sseof -0.1 -i "/tmp/void-vid-1776500113307.mp4" -frames:v 1 -q:v 2 "/tmp/
[BATCH] Completed S19–S21

═══════════════════════════════════════════════════════
  BATCH: S22–S24 (3 scenes parallel)
═══════════════════════════════════════════════════════
[S22 (22/35)] Generating video (t2v)...
[S23 (23/35)] Generating video (t2v)...
[S24 (24/35)] Generating video (t2v)...
[S24 (24/35)] Task: cgt-20260418161517-zhtwr
[S23 (23/35)] Task: cgt-20260418161517-7ksbb
[S22 (22/35)] Task: cgt-20260418161517-ddkkz
[S24 (24/35)] Generating... (0s)
[S22 (22/35)] Generating... (0s)
[S23 (23/35)] Generating... (0s)
[S24 (24/35)] Generating... (30s)
[S23 (23/35)] Generating... (30s)
[S22 (22/35)] Generating... (30s)
[S23 (23/35)] Generating... (60s)
[S22 (22/35)] Generating... (60s)
[S24 (24/35)] Generating... (60s)
[S22 (22/35)] Generating... (90s)
[S24 (24/35)] Generating... (90s)
[S23 (23/35)] Generating... (90s)
[S22 (22/35)] Generating... (120s)
[S24 (24/35)] Generating... (120s)
[S23 (23/35)] Generating... (120s)
[S22 (22/35)] Copyright filter triggered (attempt 1)
[S22 (22/35)] Retry 1/2 (sanitized prompt)...
[S22 (22/35)] Task: cgt-20260418161804-77dff
[S24 (24/35)] Generating... (150s)
[S23 (23/35)] Generating... (150s)
[S22 (22/35)] Generating... (0s)
[S24 (24/35)] Video done
[S23 (23/35)] Generating... (180s)
[S22 (22/35)] Generating... (30s)
[S23 (23/35)] Video done
[S22 (22/35)] Generating... (60s)
[S22 (22/35)] Generating... (90s)
[S22 (22/35)] Copyright filter triggered (attempt 2)
[S22 (22/35)] Retry 2/2 (sanitized prompt)...
[S22 (22/35)] Task: cgt-20260418162008-pmzsv
[S22 (22/35)] Generating... (0s)
[S22 (22/35)] Generating... (30s)
[S22 (22/35)] Generating... (60s)
[S22 (22/35)] Generating... (90s)
[S22 (22/35)] Video done
[S22 (22/35)] Rehosting to Pinata...
[S22 (22/35)] Pinned: QmP9UJxmisnDisH7sgxv6YSYUUbDrqg7UPHmr1c8SAcxr5 (3.4MB)
[S22 (22/35)] Node #22 confirmed
[S22 (22/35)] DONE — Node #22
[S23 (23/35)] Rehosting to Pinata...
[S23 (23/35)] Pinned: QmX56ZVray9q23r42TQgs8HKYL1CnvXEAGnpKNhR98jZUn (4.2MB)
[S23 (23/35)] Node #23 confirmed
[S23 (23/35)] DONE — Node #23
[S24 (24/35)] Rehosting to Pinata...
[S24 (24/35)] Pinned: QmeJCFYQdsNKENR9A9JteVjvx3CZD51ySmhEvAgRKSEMR5 (2.6MB)
[S24 (24/35)] Node #24 confirmed
[S24 (24/35)] DONE — Node #24
[S24 FRAME] Frame extraction failed: Command failed: ffmpeg -y -sseof -0.1 -i "/tmp/void-vid-1776500739918.mp4" -frames:v 1 -q:v 2 "/tmp/
[BATCH] Completed S22–S24

═══════════════════════════════════════════════════════
  BATCH: S25–S27 (3 scenes parallel)
═══════════════════════════════════════════════════════
[S25 (25/35)] Generating video (t2v)...
[S26 (26/35)] Generating video (t2v)...
[S27 (27/35)] Generating video (t2v)...
[S26 (26/35)] Task: cgt-20260418162544-hhhcn
[S27 (27/35)] Task: cgt-20260418162544-qmvg9
[S25 (25/35)] Task: cgt-20260418162544-8hqfk
[S26 (26/35)] Generating... (0s)
[S27 (27/35)] Generating... (0s)
[S25 (25/35)] Generating... (0s)
[S26 (26/35)] Generating... (30s)
[S27 (27/35)] Generating... (30s)
[S25 (25/35)] Generating... (30s)
[S26 (26/35)] Generating... (60s)
[S25 (25/35)] Generating... (60s)
[S27 (27/35)] Generating... (60s)
[S26 (26/35)] Generating... (90s)
[S27 (27/35)] Generating... (90s)
[S25 (25/35)] Generating... (90s)
[S26 (26/35)] Video done
[S27 (27/35)] Video done
[S25 (25/35)] Video done
[S25 (25/35)] Rehosting to Pinata...
[S25 (25/35)] Pinned: QmVUrH7WrcXAZU7A7pTa49m77KXL5iNSkvwJgzcgP797ye (4.5MB)
[S25 (25/35)] Node #25 confirmed
[S25 (25/35)] DONE — Node #25
[S26 (26/35)] Rehosting to Pinata...
[S26 (26/35)] Pinned: QmR9BqGnqYRu54UZLSaaq8cTSRPePzN2cBohapbyE3YFae (3.1MB)
[S26 (26/35)] Node #26 confirmed
[S26 (26/35)] DONE — Node #26
[S27 (27/35)] Rehosting to Pinata...
[S27 (27/35)] Pinned: QmYMzECS1veJZ345BoV76w3zMYy2irirdNQJDCPegJAdiP (2.7MB)
[S27 (27/35)] Node #27 confirmed
[S27 (27/35)] DONE — Node #27
[S27 FRAME] Frame extraction failed: Command failed: ffmpeg -y -sseof -0.1 -i "/tmp/void-vid-1776501073688.mp4" -frames:v 1 -q:v 2 "/tmp/
[BATCH] Completed S25–S27

═══════════════════════════════════════════════════════
  BATCH: S28–S30 (3 scenes parallel)
═══════════════════════════════════════════════════════
[S28 (28/35)] Generating video (t2v)...
[S29 (29/35)] Generating video (t2v)...
[S30 (30/35)] Generating video (t2v)...
[S28 (28/35)] Task: cgt-20260418163118-bjfjt
[S30 (30/35)] Task: cgt-20260418163118-47b7p
[S29 (29/35)] Task: cgt-20260418163118-lxndv
