[dotenv@17.3.1] injecting env (58) from .env -- tip: 🔐 encrypt with Dotenvx: https://dotenvx.com

════════════════════════════════════════════════════════════
  VOIDBORN SAGA — Wiki Population
  Pilot Episode: "Crash Landing"
  36 entities across all categories
  Universe: (standalone — no VOIDBORN_ADDR set)
════════════════════════════════════════════════════════════
[AUTH] Authenticating...
[AUTH] Authenticated as 0x116C28e6DCABCa363f83217C712d79DCE168d90e

═══════════════════════════════════════════════════════
  Zix (person)
═══════════════════════════════════════════════════════
[PERSON 1/36] Generating 2D art...
[PERSON 1/36] 2D art: https://ark-acg-ap-southeast-1.tos-ap-southeast-1.volces.com/seedream-5-0/021776...
[PERSON 1/36] Creating entity...
[PERSON 1/36] Entity created: 1P4X5GEOYYXDAWAP3xMf
[PERSON 1/36] Kicking off 3D model (fire-and-forget)...
[PERSON 1/36] 3D task queued: e7b83f6f-9996-435f-aca3-3bc9967306ca
[PERSON 1/36] DONE — "Zix"

═══════════════════════════════════════════════════════
  Mora (person)
═══════════════════════════════════════════════════════
[PERSON 2/36] Generating 2D art...
[PERSON 2/36] 2D art: https://ark-acg-ap-southeast-1.tos-ap-southeast-1.volces.com/seedream-5-0/021776...
[PERSON 2/36] Creating entity...
[PERSON 2/36] Entity created: WuDH1f4PYKat1dxrlsqz
[PERSON 2/36] Kicking off 3D model (fire-and-forget)...
[PERSON 2/36] 3D task queued: c25cd2ee-ee54-4b8c-b7cc-21fcab0f84c0
[PERSON 2/36] DONE — "Mora"

═══════════════════════════════════════════════════════
  Pebb (person)
═══════════════════════════════════════════════════════
[PERSON 3/36] Generating 2D art...
[PERSON 3/36] 2D art: https://ark-acg-ap-southeast-1.tos-ap-southeast-1.volces.com/seedream-5-0/021776...
[PERSON 3/36] Creating entity...
[PERSON 3/36] Entity created: 2h8bRZGKWguseOryX6dR
[PERSON 3/36] Kicking off 3D model (fire-and-forget)...
[PERSON 3/36] 3D task queued: e431a5a3-3ff7-4817-b88f-d5b356e36659
[PERSON 3/36] DONE — "Pebb"

═══════════════════════════════════════════════════════
  Drael (person)
═══════════════════════════════════════════════════════
[PERSON 4/36] Generating 2D art...
[PERSON 4/36] 2D art: https://ark-acg-ap-southeast-1.tos-ap-southeast-1.volces.com/seedream-5-0/021776...
[PERSON 4/36] Creating entity...
[PERSON 4/36] Entity created: O7QOqkQaHQxi6ogX7giW
[PERSON 4/36] Kicking off 3D model (fire-and-forget)...
[PERSON 4/36] 3D task queued: 1d380201-366c-4d4c-a818-42424a05a27f
[PERSON 4/36] DONE — "Drael"

═══════════════════════════════════════════════════════
  Nuni (person)
═══════════════════════════════════════════════════════
[PERSON 5/36] Generating 2D art...
[PERSON 5/36] 2D art: https://ark-acg-ap-southeast-1.tos-ap-southeast-1.volces.com/seedream-5-0/021776...
[PERSON 5/36] Creating entity...
[PERSON 5/36] Entity created: 4uotabyY6b2PkGpX50Cd
[PERSON 5/36] Kicking off 3D model (fire-and-forget)...
[PERSON 5/36] 3D task queued: 20e837ae-4aef-429c-99a4-3fafd23f4e14
[PERSON 5/36] DONE — "Nuni"

═══════════════════════════════════════════════════════
  The Hiker (person)
═══════════════════════════════════════════════════════
[PERSON 6/36] Generating 2D art...
[PERSON 6/36] 2D art: https://ark-acg-ap-southeast-1.tos-ap-southeast-1.volces.com/seedream-5-0/021776...
[PERSON 6/36] Creating entity...
[PERSON 6/36] Entity created: VVz5Fd45zRsQjL0oQ2vR
[PERSON 6/36] Kicking off 3D model (fire-and-forget)...
[PERSON 6/36] 3D task queued: 56052f9a-5b45-4cec-b507-94661647fe14
[PERSON 6/36] DONE — "The Hiker"

═══════════════════════════════════════════════════════
  The Convenience Store Clerk (person)
═══════════════════════════════════════════════════════
[PERSON 7/36] Generating 2D art...
[PERSON 7/36] 2D art: https://ark-acg-ap-southeast-1.tos-ap-southeast-1.volces.com/seedream-5-0/021776...
[PERSON 7/36] Creating entity...
[PERSON 7/36] Entity created: t9vj17vOCcUL2o5AN1gN
[PERSON 7/36] Kicking off 3D model (fire-and-forget)...
[PERSON 7/36] 3D task queued: 396118d8-13d6-46c7-9d5c-a3b16cbd27a6
[PERSON 7/36] DONE — "The Convenience Store Clerk"

═══════════════════════════════════════════════════════
  Hector (person)
═══════════════════════════════════════════════════════
[PERSON 8/36] Generating 2D art...
[PERSON 8/36] 2D art: https://ark-acg-ap-southeast-1.tos-ap-southeast-1.volces.com/seedream-5-0/021776...
[PERSON 8/36] Creating entity...
[PERSON 8/36] Entity created: TBTQWrsSo57kDUfpgpnm
[PERSON 8/36] Kicking off 3D model (fire-and-forget)...
[PERSON 8/36] 3D task queued: 52f99951-a17a-4612-b582-01c14682d99e
[PERSON 8/36] DONE — "Hector"

═══════════════════════════════════════════════════════
  The Meteor Hunters (person)
═══════════════════════════════════════════════════════
[PERSON 9/36] Generating 2D art...
[PERSON 9/36] 2D art: https://ark-acg-ap-southeast-1.tos-ap-southeast-1.volces.com/seedream-5-0/021776...
[PERSON 9/36] Creating entity...
[PERSON 9/36] Entity created: AjSymIGhP0Rjgw7rKr1e
[PERSON 9/36] Kicking off 3D model (fire-and-forget)...
[PERSON 9/36] 3D task queued: 29566bc2-93af-40d7-99be-2e07b0a502f9
[PERSON 9/36] DONE — "The Meteor Hunters"

═══════════════════════════════════════════════════════
  The Sleeper Network Voice (person)
═══════════════════════════════════════════════════════
[PERSON 10/36] Generating 2D art...
[PERSON 10/36] 2D art: https://ark-acg-ap-southeast-1.tos-ap-southeast-1.volces.com/seedream-5-0/021776...
[PERSON 10/36] Creating entity...
[PERSON 10/36] Entity created: IXO2kqhs0cMYRqEpO0ES
[PERSON 10/36] Kicking off 3D model (fire-and-forget)...
[PERSON 10/36] 3D task queued: a1c63993-ee6b-47d8-b9d2-8edfe4e4d49c
[PERSON 10/36] DONE — "The Sleeper Network Voice"

═══════════════════════════════════════════════════════
  Santa Mira County (place)
═══════════════════════════════════════════════════════
[PLACE 11/36] Generating 2D art...
[PLACE 11/36] 2D art: https://ark-acg-ap-southeast-1.tos-ap-southeast-1.volces.com/seedream-5-0/021776...
[PLACE 11/36] Creating entity...
[PLACE 11/36] Entity created: gs5IfkSQ3BgqJoGvFdhT
[PLACE 11/36] Kicking off 3D model (fire-and-forget)...
[PLACE 11/36] 3D task queued: 2c4a5276-3f65-4828-8590-d19d1dcfa3b4
[PLACE 11/36] DONE — "Santa Mira County"

═══════════════════════════════════════════════════════
  The Ravine (place)
═══════════════════════════════════════════════════════
[PLACE 12/36] Generating 2D art...
[PLACE 12/36] 2D art: https://ark-acg-ap-southeast-1.tos-ap-southeast-1.volces.com/seedream-5-0/021776...
[PLACE 12/36] Creating entity...
[PLACE 12/36] Entity created: qgUOUduYUeuCxlycxlOZ
[PLACE 12/36] Kicking off 3D model (fire-and-forget)...
[PLACE 12/36] 3D task queued: e0ffcbda-8928-4cfd-b67e-5ff2d0fc11c3
[PLACE 12/36] DONE — "The Ravine"

═══════════════════════════════════════════════════════
  The Strip Mall (place)
═══════════════════════════════════════════════════════
[PLACE 13/36] Generating 2D art...
[PLACE 13/36] 2D art: https://ark-acg-ap-southeast-1.tos-ap-southeast-1.volces.com/seedream-5-0/021776...
[PLACE 13/36] Creating entity...
[PLACE 13/36] Entity created: ymsJuCKYNS4CuQxcDupG
[PLACE 13/36] Kicking off 3D model (fire-and-forget)...
[PLACE 13/36] 3D task queued: faf74bdb-f989-48b0-8cf9-9af51125f1da
[PLACE 13/36] DONE — "The Strip Mall"

═══════════════════════════════════════════════════════
  The 24-Hour Convenience Store (place)
═══════════════════════════════════════════════════════
[PLACE 14/36] Generating 2D art...
[PLACE 14/36] 2D art failed: fetch failed
[PLACE 14/36] Creating entity...
[PLACE 14/36] Entity created: pIAOAgwL1jHnVTHpYYGB
[PLACE 14/36] Kicking off 3D model (fire-and-forget)...
[PLACE 14/36] 3D task queued: 426f0b53-41a1-47ef-99b2-8a7eefc3319f
[PLACE 14/36] DONE — "The 24-Hour Convenience Store"

═══════════════════════════════════════════════════════
  The Abandoned Car Wash (place)
═══════════════════════════════════════════════════════
[PLACE 15/36] Generating 2D art...
[PLACE 15/36] 2D art: https://ark-acg-ap-southeast-1.tos-ap-southeast-1.volces.com/seedream-5-0/021776...
[PLACE 15/36] Creating entity...
[PLACE 15/36] Entity created: YJAG0r3yv8Dpyph0mfdm
[PLACE 15/36] Kicking off 3D model (fire-and-forget)...
[PLACE 15/36] 3D task queued: 973c015c-3ce0-43a3-9adf-56faed84b080
[PLACE 15/36] DONE — "The Abandoned Car Wash"

═══════════════════════════════════════════════════════
  The Old Observatory (place)
═══════════════════════════════════════════════════════
[PLACE 16/36] Generating 2D art...
[PLACE 16/36] 2D art: https://ark-acg-ap-southeast-1.tos-ap-southeast-1.volces.com/seedream-5-0/021776...
[PLACE 16/36] Creating entity...
[PLACE 16/36] Entity created: cVpzhyFxyfnNSZ7EWQNi
[PLACE 16/36] Kicking off 3D model (fire-and-forget)...
[PLACE 16/36] 3D task queued: 0a9a4337-8bcb-41c2-af7c-3753d14af2cd
[PLACE 16/36] DONE — "The Old Observatory"

═══════════════════════════════════════════════════════
  The Moon Casinos of Jath (place)
═══════════════════════════════════════════════════════
[PLACE 17/36] Generating 2D art...
[PLACE 17/36] 2D art: https://ark-acg-ap-southeast-1.tos-ap-southeast-1.volces.com/seedream-5-0/021776...
[PLACE 17/36] Creating entity...
[PLACE 17/36] Entity created: NpTQ97TCH6jfZOXYWhSG
[PLACE 17/36] Kicking off 3D model (fire-and-forget)...
[PLACE 17/36] 3D task queued: 36e18d25-3f1d-4493-96aa-6ef4d331721f
[PLACE 17/36] DONE — "The Moon Casinos of Jath"

═══════════════════════════════════════════════════════
  The Hilltop Lookout (place)
═══════════════════════════════════════════════════════
[PLACE 18/36] Generating 2D art...
[PLACE 18/36] 2D art: https://ark-acg-ap-southeast-1.tos-ap-southeast-1.volces.com/seedream-5-0/021776...
[PLACE 18/36] Creating entity...
[PLACE 18/36] Entity created: 4MJwAYl9fExsGyXTohki
[PLACE 18/36] Kicking off 3D model (fire-and-forget)...
[PLACE 18/36] 3D task queued: fee1550b-75a4-461d-aacb-51ea18e2d1f0
[PLACE 18/36] DONE — "The Hilltop Lookout"

═══════════════════════════════════════════════════════
  The Starling (vehicle)
═══════════════════════════════════════════════════════
[VEHICLE 19/36] Generating 2D art...
[VEHICLE 19/36] 2D art: https://ark-acg-ap-southeast-1.tos-ap-southeast-1.volces.com/seedream-5-0/021776...
[VEHICLE 19/36] Creating entity...
[VEHICLE 19/36] Entity created: GgYiX3iNjGAIInBPkvQo
[VEHICLE 19/36] Kicking off 3D model (fire-and-forget)...
[VEHICLE 19/36] 3D task queued: 5a46b016-eace-44f8-bbad-40e377df1ed2
[VEHICLE 19/36] DONE — "The Starling"

═══════════════════════════════════════════════════════
  The Camouflage Field Generator (technology)
═══════════════════════════════════════════════════════
[TECHNOLOGY 20/36] Generating 2D art...
[TECHNOLOGY 20/36] 2D art failed: fetch failed
[TECHNOLOGY 20/36] Creating entity...
[TECHNOLOGY 20/36] Entity creation failed: fetch failed
[TECHNOLOGY 20/36] DONE — "The Camouflage Field Generator"

═══════════════════════════════════════════════════════
  Mora's Improvised Radio Rig (technology)
═══════════════════════════════════════════════════════
[TECHNOLOGY 21/36] Generating 2D art...
[TECHNOLOGY 21/36] 2D art failed: fetch failed
[TECHNOLOGY 21/36] Creating entity...
[TECHNOLOGY 21/36] Entity creation failed: fetch failed
[TECHNOLOGY 21/36] DONE — "Mora's Improvised Radio Rig"

═══════════════════════════════════════════════════════
  Glow Fruit (thing)
═══════════════════════════════════════════════════════
[THING 22/36] Generating 2D art...
[THING 22/36] 2D art: https://ark-acg-ap-southeast-1.tos-ap-southeast-1.volces.com/seedream-5-0/021776...
[THING 22/36] Creating entity...
[THING 22/36] Entity created: BdEKE79VI5ulhD7BDQxV
[THING 22/36] Kicking off 3D model (fire-and-forget)...
[THING 22/36] 3D task queued: e7d129b3-5490-4003-b716-b61ae5c07a77
[THING 22/36] DONE — "Glow Fruit"

═══════════════════════════════════════════════════════
  Voidborn (species)
═══════════════════════════════════════════════════════
[SPECIES 23/36] Generating 2D art...
[SPECIES 23/36] 2D art: https://ark-acg-ap-southeast-1.tos-ap-southeast-1.volces.com/seedream-5-0/021776...
[SPECIES 23/36] Creating entity...
[SPECIES 23/36] Entity created: 9Hq6ut5dgWNSdQ3wTuj7
[SPECIES 23/36] Kicking off 3D model (fire-and-forget)...
[SPECIES 23/36] 3D task queued: 725232eb-c449-4629-9c77-01ab9534aa93
[SPECIES 23/36] DONE — "Voidborn"

═══════════════════════════════════════════════════════
  Humans (species)
═══════════════════════════════════════════════════════
[SPECIES 24/36] Generating 2D art...
[SPECIES 24/36] 2D art: https://ark-acg-ap-southeast-1.tos-ap-southeast-1.volces.com/seedream-5-0/021776...
[SPECIES 24/36] Creating entity...
[SPECIES 24/36] Entity created: GYne9wzrq0sXJ8sDCbrh
[SPECIES 24/36] Kicking off 3D model (fire-and-forget)...
[SPECIES 24/36] 3D task queued: 341b270b-94c9-4388-a7fc-d8dc439eaf6a
[SPECIES 24/36] DONE — "Humans"

═══════════════════════════════════════════════════════
  The Voidborn Sleeper Network (faction)
═══════════════════════════════════════════════════════
[FACTION 25/36] Generating 2D art...
[FACTION 25/36] 2D art: https://ark-acg-ap-southeast-1.tos-ap-southeast-1.volces.com/seedream-5-0/021776...
[FACTION 25/36] Creating entity...
[FACTION 25/36] Entity created: BifKQlPkuaNb7SkAWWD5
[FACTION 25/36] Kicking off 3D model (fire-and-forget)...
[FACTION 25/36] 3D task queued: cd833783-dbf5-4b16-92f2-a30a1b759465
[FACTION 25/36] DONE — "The Voidborn Sleeper Network"

═══════════════════════════════════════════════════════
  The Crash Landing (event)
═══════════════════════════════════════════════════════
[EVENT 26/36] Generating 2D art...
[EVENT 26/36] 2D art: https://ark-acg-ap-southeast-1.tos-ap-southeast-1.volces.com/seedream-5-0/021776...
[EVENT 26/36] Creating entity...
[EVENT 26/36] Entity created: JIqVvyjCGGcsFpIZC5ev
[EVENT 26/36] Kicking off 3D model (fire-and-forget)...
[EVENT 26/36] 3D task queued: 73e59e13-7da7-4462-ba78-fc28e10cea86
[EVENT 26/36] DONE — "The Crash Landing"

═══════════════════════════════════════════════════════
  First Contact with the Hiker (event)
═══════════════════════════════════════════════════════
[EVENT 27/36] Generating 2D art...
[EVENT 27/36] 2D art failed: fetch failed
[EVENT 27/36] Creating entity...
[EVENT 27/36] Entity creation failed: fetch failed
[EVENT 27/36] DONE — "First Contact with the Hiker"

═══════════════════════════════════════════════════════
  The Strip Mall Expedition (event)
═══════════════════════════════════════════════════════
[EVENT 28/36] Generating 2D art...
[EVENT 28/36] 2D art failed: fetch failed
[EVENT 28/36] Creating entity...
[EVENT 28/36] Entity creation failed: fetch failed
[EVENT 28/36] DONE — "The Strip Mall Expedition"

═══════════════════════════════════════════════════════
  The Convenience Store Escape (event)
═══════════════════════════════════════════════════════
[EVENT 29/36] Generating 2D art...
[EVENT 29/36] 2D art failed: fetch failed
[EVENT 29/36] Creating entity...
[EVENT 29/36] Entity creation failed: fetch failed
[EVENT 29/36] DONE — "The Convenience Store Escape"

═══════════════════════════════════════════════════════
  The Sleeper Network Contact (event)
═══════════════════════════════════════════════════════
[EVENT 30/36] Generating 2D art...
[EVENT 30/36] 2D art: https://ark-acg-ap-southeast-1.tos-ap-southeast-1.volces.com/seedream-5-0/021776...
[EVENT 30/36] Creating entity...
[EVENT 30/36] Entity created: v431vV3tpBzQgo5U4MSO
[EVENT 30/36] Kicking off 3D model (fire-and-forget)...
[EVENT 30/36] 3D task queued: a6e1f4e1-fce7-441d-bb8d-3f37fc240ddd
[EVENT 30/36] DONE — "The Sleeper Network Contact"

═══════════════════════════════════════════════════════
  The Meteor Hunter Sighting (event)
═══════════════════════════════════════════════════════
[EVENT 31/36] Generating 2D art...
[EVENT 31/36] 2D art failed: fetch failed
[EVENT 31/36] Creating entity...
[EVENT 31/36] Entity creation failed: fetch failed
[EVENT 31/36] DONE — "The Meteor Hunter Sighting"

═══════════════════════════════════════════════════════
  The Pre-Dawn Resolve (event)
═══════════════════════════════════════════════════════
[EVENT 32/36] Generating 2D art...
[EVENT 32/36] 2D art failed: fetch failed
[EVENT 32/36] Creating entity...
[EVENT 32/36] Entity creation failed: fetch failed
[EVENT 32/36] DONE — "The Pre-Dawn Resolve"

═══════════════════════════════════════════════════════
  Voidborn Heritage (lore)
═══════════════════════════════════════════════════════
[LORE 33/36] Generating 2D art...
[LORE 33/36] 2D art failed: fetch failed
[LORE 33/36] Creating entity...
[LORE 33/36] Entity creation failed: fetch failed
[LORE 33/36] DONE — "Voidborn Heritage"

═══════════════════════════════════════════════════════
  Earth Changes You (lore)
═══════════════════════════════════════════════════════
[LORE 34/36] Generating 2D art...
[LORE 34/36] 2D art failed: fetch failed
[LORE 34/36] Creating entity...
[LORE 34/36] Entity creation failed: fetch failed
[LORE 34/36] DONE — "Earth Changes You"

═══════════════════════════════════════════════════════
  Nuni's Misinformation (lore)
═══════════════════════════════════════════════════════
[LORE 35/36] Generating 2D art...
[LORE 35/36] 2D art failed: fetch failed
[LORE 35/36] Creating entity...
[LORE 35/36] Entity creation failed: fetch failed
[LORE 35/36] DONE — "Nuni's Misinformation"

═══════════════════════════════════════════════════════
  Voidborn Daily Life (lore)
═══════════════════════════════════════════════════════
[LORE 36/36] Generating 2D art...
[LORE 36/36] 2D art failed: fetch failed
[LORE 36/36] Creating entity...
[LORE 36/36] Entity creation failed: fetch failed
[LORE 36/36] DONE — "Voidborn Daily Life"

════════════════════════════════════════════════════════════
  VOIDBORN SAGA — Wiki Population Complete
════════════════════════════════════════════════════════════
  Created: 25/36
  Failed:  The Camouflage Field Generator, Mora's Improvised Radio Rig, First Contact with the Hiker, The Strip Mall Expedition, The Convenience Store Escape, The Meteor Hunter Sighting, The Pre-Dawn Resolve, Voidborn Heritage, Earth Changes You, Nuni's Misinformation, Voidborn Daily Life

  PERSON:
    - Zix
    - Mora
    - Pebb
    - Drael
    - Nuni
    - The Hiker
    - The Convenience Store Clerk
    - Hector
    - The Meteor Hunters
    - The Sleeper Network Voice
  PLACE:
    - Santa Mira County
    - The Ravine
    - The Strip Mall
    - The 24-Hour Convenience Store
    - The Abandoned Car Wash
    - The Old Observatory
    - The Moon Casinos of Jath
    - The Hilltop Lookout
  VEHICLE:
    - The Starling
  THING:
    - Glow Fruit
  SPECIES:
    - Voidborn
    - Humans
  FACTION:
    - The Voidborn Sleeper Network
  EVENT:
    - The Crash Landing
    - The Sleeper Network Contact
  View at: http://localhost:5173/wiki

