
════════════════════════════════════════════════════════════
  VOIDBORN SAGA — Wiki Population
  Pilot Episode: "Crash Landing"
  36 entities across all categories
  Universe: (standalone — no VOIDBORN_ADDR set)
════════════════════════════════════════════════════════════
[AUTH] Authenticating...
[AUTH] Authenticated as 0x116C28e6DCABCa363f83217C712d79DCE168d90e

═══════════════════════════════════════════════════════
  The Camouflage Field Generator (technology)
═══════════════════════════════════════════════════════
[TECHNOLOGY 20/36] Generating 2D art...
[TECHNOLOGY 20/36] 2D art: https://ark-acg-ap-southeast-1.tos-ap-southeast-1.volces.com/seedream-5-0/021776...
[TECHNOLOGY 20/36] Creating entity...
[TECHNOLOGY 20/36] Entity created: mstQIZxH9snBeXzc4Y19
[TECHNOLOGY 20/36] Kicking off 3D model (fire-and-forget)...
[TECHNOLOGY 20/36] 3D task queued: 5584b1d5-beaa-44ea-94c1-931c576c8050
[TECHNOLOGY 20/36] DONE — "The Camouflage Field Generator"

═══════════════════════════════════════════════════════
  Mora's Improvised Radio Rig (technology)
═══════════════════════════════════════════════════════
[TECHNOLOGY 21/36] Generating 2D art...
[TECHNOLOGY 21/36] 2D art: https://ark-acg-ap-southeast-1.tos-ap-southeast-1.volces.com/seedream-5-0/021776...
[TECHNOLOGY 21/36] Creating entity...
[TECHNOLOGY 21/36] Entity created: oc8qhCLzjHSHdkYr4yzM
[TECHNOLOGY 21/36] Kicking off 3D model (fire-and-forget)...
[TECHNOLOGY 21/36] 3D task queued: 774c859c-46c5-443c-869b-5f50fc35fc0d
[TECHNOLOGY 21/36] DONE — "Mora's Improvised Radio Rig"

═══════════════════════════════════════════════════════
  First Contact with the Hiker (event)
═══════════════════════════════════════════════════════
[EVENT 27/36] Generating 2D art...
[EVENT 27/36] 2D art: https://ark-acg-ap-southeast-1.tos-ap-southeast-1.volces.com/seedream-5-0/021776...
[EVENT 27/36] Creating entity...
[EVENT 27/36] Entity created: 2vOEmrN77MbzVXW9gjj1
[EVENT 27/36] Kicking off 3D model (fire-and-forget)...
[EVENT 27/36] 3D task queued: ea622e42-a8ff-4e93-88b0-18e387eb298f
[EVENT 27/36] DONE — "First Contact with the Hiker"

═══════════════════════════════════════════════════════
  The Strip Mall Expedition (event)
═══════════════════════════════════════════════════════
[EVENT 28/36] Generating 2D art...
[EVENT 28/36] 2D art: https://ark-acg-ap-southeast-1.tos-ap-southeast-1.volces.com/seedream-5-0/021776...
[EVENT 28/36] Creating entity...
[EVENT 28/36] Entity created: mCX3S6CxV5heKf6xik4A
[EVENT 28/36] Kicking off 3D model (fire-and-forget)...
[EVENT 28/36] 3D task queued: 32a072ac-1b63-44a8-9820-24737d386864
[EVENT 28/36] DONE — "The Strip Mall Expedition"

═══════════════════════════════════════════════════════
  The Convenience Store Escape (event)
═══════════════════════════════════════════════════════
[EVENT 29/36] Generating 2D art...
[EVENT 29/36] 2D art: https://v3b.fal.media/files/b/0a96b803/z5ILjzgM5N9Us93VEAOsQ_0bf73b8134554f858e5...
[EVENT 29/36] Creating entity...
[EVENT 29/36] Entity created: WnfQrQOTjaSIPuWNsyb1
[EVENT 29/36] Kicking off 3D model (fire-and-forget)...
[EVENT 29/36] 3D task queued: 853e69bb-d43d-4c57-b6f5-6703268fb849
[EVENT 29/36] DONE — "The Convenience Store Escape"

═══════════════════════════════════════════════════════
  The Meteor Hunter Sighting (event)
═══════════════════════════════════════════════════════
[EVENT 31/36] Generating 2D art...
[EVENT 31/36] 2D art: https://ark-acg-ap-southeast-1.tos-ap-southeast-1.volces.com/seedream-5-0/021776...
[EVENT 31/36] Creating entity...
[EVENT 31/36] Entity created: fgFQQR7MuaNnRbEOOI6h
[EVENT 31/36] Kicking off 3D model (fire-and-forget)...
[EVENT 31/36] 3D task queued: bd436ca7-a2f3-4563-a94d-ef8dd4c8546b
[EVENT 31/36] DONE — "The Meteor Hunter Sighting"

═══════════════════════════════════════════════════════
  The Pre-Dawn Resolve (event)
═══════════════════════════════════════════════════════
[EVENT 32/36] Generating 2D art...
[EVENT 32/36] 2D art: https://ark-acg-ap-southeast-1.tos-ap-southeast-1.volces.com/seedream-5-0/021776...
[EVENT 32/36] Creating entity...
[EVENT 32/36] Entity created: 4QttVdNCh5pu1wLmYR47
[EVENT 32/36] Kicking off 3D model (fire-and-forget)...
[EVENT 32/36] 3D task queued: d05aa53a-3ef1-4da8-b0a9-bb02cd27cb7c
[EVENT 32/36] DONE — "The Pre-Dawn Resolve"

═══════════════════════════════════════════════════════
  Voidborn Heritage (lore)
═══════════════════════════════════════════════════════
[LORE 33/36] Generating 2D art...
[LORE 33/36] 2D art: https://ark-acg-ap-southeast-1.tos-ap-southeast-1.volces.com/seedream-5-0/021776...
[LORE 33/36] Creating entity...
[LORE 33/36] Entity created: qLhuPLCX45Kl8vIcRalf
[LORE 33/36] Kicking off 3D model (fire-and-forget)...
[LORE 33/36] 3D task queued: 93b57f39-f479-4e3f-9358-9986a941f664
[LORE 33/36] DONE — "Voidborn Heritage"

═══════════════════════════════════════════════════════
  Earth Changes You (lore)
═══════════════════════════════════════════════════════
[LORE 34/36] Generating 2D art...
[LORE 34/36] 2D art: https://ark-acg-ap-southeast-1.tos-ap-southeast-1.volces.com/seedream-5-0/021776...
[LORE 34/36] Creating entity...
[LORE 34/36] Entity created: ewoV1l45e1OMfWOt1QS9
[LORE 34/36] Kicking off 3D model (fire-and-forget)...
[LORE 34/36] 3D task queued: 6ba432cf-3704-4db1-9013-7afda6ea6a8d
[LORE 34/36] DONE — "Earth Changes You"

═══════════════════════════════════════════════════════
  Nuni's Misinformation (lore)
═══════════════════════════════════════════════════════
[LORE 35/36] Generating 2D art...
[LORE 35/36] 2D art: https://ark-acg-ap-southeast-1.tos-ap-southeast-1.volces.com/seedream-5-0/021776...
[LORE 35/36] Creating entity...
[LORE 35/36] Entity created: 5GU7FDTHuTOTWC207FLA
[LORE 35/36] Kicking off 3D model (fire-and-forget)...
[LORE 35/36] 3D task queued: eb16cfa9-2b49-4b93-8c6c-121d202f3c82
[LORE 35/36] DONE — "Nuni's Misinformation"

═══════════════════════════════════════════════════════
  Voidborn Daily Life (lore)
═══════════════════════════════════════════════════════
[LORE 36/36] Generating 2D art...
[LORE 36/36] 2D art: https://ark-acg-ap-southeast-1.tos-ap-southeast-1.volces.com/seedream-5-0/021776...
[LORE 36/36] Creating entity...
[LORE 36/36] Entity created: 4h48zXnGLGJ6WEcpdRtd
[LORE 36/36] Kicking off 3D model (fire-and-forget)...
[LORE 36/36] 3D task queued: 9a9e7664-814e-43ad-8a9c-da34efd7f248
[LORE 36/36] DONE — "Voidborn Daily Life"

════════════════════════════════════════════════════════════
  VOIDBORN SAGA — Wiki Population Complete
════════════════════════════════════════════════════════════
  Created: 11/11

  TECHNOLOGY:
    - The Camouflage Field Generator
    - Mora's Improvised Radio Rig
  EVENT:
    - First Contact with the Hiker
    - The Strip Mall Expedition
    - The Convenience Store Escape
    - The Meteor Hunter Sighting
    - The Pre-Dawn Resolve
  LORE:
    - Voidborn Heritage
    - Earth Changes You
    - Nuni's Misinformation
    - Voidborn Daily Life
  View at: http://localhost:5173/wiki

